This file contains any messages produced by compilers while
running configure, to aid debugging if configure makes a mistake.

It was created by Check configure 0.11.0, which was
generated by GNU Autoconf 2.69.  Invocation command line was

  $ ./configure 

## --------- ##
## Platform. ##
## --------- ##

hostname = elneelo
uname -m = x86_64
uname -r = 4.4.0-59-generic
uname -s = Linux
uname -v = #80~14.04.1-Ubuntu SMP Fri Jan 6 18:02:02 UTC 2017

/usr/bin/uname -p = unknown
/bin/uname -X     = unknown

/bin/arch              = unknown
/usr/bin/arch -k       = unknown
/usr/convex/getsysinfo = unknown
/usr/bin/hostinfo      = unknown
/bin/machine           = unknown
/usr/bin/oslevel       = unknown
/bin/universe          = unknown

PATH: /home/neil/Documents/cs4098/venv/bin
PATH: /usr/local/heroku/bin
PATH: /home/neil/.rvm/gems/ruby-2.3.0/bin
PATH: /home/neil/.rvm/gems/ruby-2.3.0@global/bin
PATH: /home/neil/.rvm/rubies/ruby-2.3.0/bin
PATH: /usr/local/sbin
PATH: /usr/local/bin
PATH: /usr/sbin
PATH: /usr/bin
PATH: /sbin
PATH: /bin
PATH: /usr/games
PATH: /usr/local/games
PATH: /home/neil/.rvm/bin
PATH: /home/neil/.rvm/bin


## ----------- ##
## Core tests. ##
## ----------- ##

configure:2735: checking for a BSD-compatible install
configure:2803: result: /usr/bin/install -c
configure:2814: checking whether build environment is sane
configure:2869: result: yes
configure:3020: checking for a thread-safe mkdir -p
configure:3059: result: /bin/mkdir -p
configure:3066: checking for gawk
configure:3082: found /usr/bin/gawk
configure:3093: result: gawk
configure:3104: checking whether make sets $(MAKE)
configure:3126: result: yes
configure:3155: checking whether make supports nested variables
configure:3172: result: yes
configure:3314: checking for style of include used by make
configure:3342: result: GNU
configure:3413: checking for gcc
configure:3429: found /usr/bin/gcc
configure:3440: result: gcc
configure:3669: checking for C compiler version
configure:3678: gcc --version >&5
gcc (Ubuntu 4.8.4-2ubuntu1~14.04.3) 4.8.4
Copyright (C) 2013 Free Software Foundation, Inc.
This is free software; see the source for copying conditions.  There is NO
warranty; not even for MERCHANTABILITY or FITNESS FOR A PARTICULAR PURPOSE.

configure:3689: $? = 0
configure:3678: gcc -v >&5
Using built-in specs.
COLLECT_GCC=gcc
COLLECT_LTO_WRAPPER=/usr/lib/gcc/x86_64-linux-gnu/4.8/lto-wrapper
Target: x86_64-linux-gnu
Configured with: ../src/configure -v --with-pkgversion='Ubuntu 4.8.4-2ubuntu1~14.04.3' --with-bugurl=file:///usr/share/doc/gcc-4.8/README.Bugs --enable-languages=c,c++,java,go,d,fortran,objc,obj-c++ --prefix=/usr --program-suffix=-4.8 --enable-shared --enable-linker-build-id --libexecdir=/usr/lib --without-included-gettext --enable-threads=posix --with-gxx-include-dir=/usr/include/c++/4.8 --libdir=/usr/lib --enable-nls --with-sysroot=/ --enable-clocale=gnu --enable-libstdcxx-debug --enable-libstdcxx-time=yes --enable-gnu-unique-object --disable-libmudflap --enable-plugin --with-system-zlib --disable-browser-plugin --enable-java-awt=gtk --enable-gtk-cairo --with-java-home=/usr/lib/jvm/java-1.5.0-gcj-4.8-amd64/jre --enable-java-home --with-jvm-root-dir=/usr/lib/jvm/java-1.5.0-gcj-4.8-amd64 --with-jvm-jar-dir=/usr/lib/jvm-exports/java-1.5.0-gcj-4.8-amd64 --with-arch-directory=amd64 --with-ecj-jar=/usr/share/java/eclipse-ecj.jar --enable-objc-gc --enable-multiarch --disable-werror --with-arch-32=i686 --with-abi=m64 --with-multilib-list=m32,m64,mx32 --with-tune=generic --enable-checking=release --build=x86_64-linux-gnu --host=x86_64-linux-gnu --target=x86_64-linux-gnu
Thread model: posix
gcc version 4.8.4 (Ubuntu 4.8.4-2ubuntu1~14.04.3) 
configure:3689: $? = 0
configure:3678: gcc -V >&5
gcc: error: unrecognized command line option '-V'
gcc: fatal error: no input files
compilation terminated.
configure:3689: $? = 4
configure:3678: gcc -qversion >&5
gcc: error: unrecognized command line option '-qversion'
gcc: fatal error: no input files
compilation terminated.
configure:3689: $? = 4
configure:3709: checking whether the C compiler works
configure:3731: gcc    conftest.c  >&5
configure:3735: $? = 0
configure:3783: result: yes
configure:3786: checking for C compiler default output file name
configure:3788: result: a.out
configure:3794: checking for suffix of executables
configure:3801: gcc -o conftest    conftest.c  >&5
configure:3805: $? = 0
configure:3827: result: 
configure:3849: checking whether we are cross compiling
configure:3857: gcc -o conftest    conftest.c  >&5
configure:3861: $? = 0
configure:3868: ./conftest
configure:3872: $? = 0
configure:3887: result: no
configure:3892: checking for suffix of object files
configure:3914: gcc -c   conftest.c >&5
configure:3918: $? = 0
configure:3939: result: o
configure:3943: checking whether we are using the GNU C compiler
configure:3962: gcc -c   conftest.c >&5
configure:3962: $? = 0
configure:3971: result: yes
configure:3980: checking whether gcc accepts -g
configure:4000: gcc -c -g  conftest.c >&5
configure:4000: $? = 0
configure:4041: result: yes
configure:4058: checking for gcc option to accept ISO C89
configure:4121: gcc  -c -g -O2  conftest.c >&5
configure:4121: $? = 0
configure:4134: result: none needed
configure:4159: checking whether gcc understands -c and -o together
configure:4181: gcc -c conftest.c -o conftest2.o
configure:4184: $? = 0
configure:4181: gcc -c conftest.c -o conftest2.o
configure:4184: $? = 0
configure:4196: result: yes
configure:4215: checking dependency style of gcc
configure:4326: result: gcc3
configure:4347: checking how to run the C preprocessor
configure:4378: gcc -E  conftest.c
configure:4378: $? = 0
configure:4392: gcc -E  conftest.c
conftest.c:11:28: fatal error: ac_nonexistent.h: No such file or directory
 #include <ac_nonexistent.h>
                            ^
compilation terminated.
configure:4392: $? = 1
configure: failed program was:
| /* confdefs.h */
| #define PACKAGE_NAME "Check"
| #define PACKAGE_TARNAME "check"
| #define PACKAGE_VERSION "0.11.0"
| #define PACKAGE_STRING "Check 0.11.0"
| #define PACKAGE_BUGREPORT "check-devel at lists dot sourceforge dot net"
| #define PACKAGE_URL ""
| #define PACKAGE "check"
| #define VERSION "0.11.0"
| /* end confdefs.h.  */
| #include <ac_nonexistent.h>
configure:4417: result: gcc -E
configure:4437: gcc -E  conftest.c
configure:4437: $? = 0
configure:4451: gcc -E  conftest.c
conftest.c:11:28: fatal error: ac_nonexistent.h: No such file or directory
 #include <ac_nonexistent.h>
                            ^
compilation terminated.
configure:4451: $? = 1
configure: failed program was:
| /* confdefs.h */
| #define PACKAGE_NAME "Check"
| #define PACKAGE_TARNAME "check"
| #define PACKAGE_VERSION "0.11.0"
| #define PACKAGE_STRING "Check 0.11.0"
| #define PACKAGE_BUGREPORT "check-devel at lists dot sourceforge dot net"
| #define PACKAGE_URL ""
| #define PACKAGE "check"
| #define VERSION "0.11.0"
| /* end confdefs.h.  */
| #include <ac_nonexistent.h>
configure:4480: checking for grep that handles long lines and -e
configure:4538: result: /bin/grep
configure:4543: checking for egrep
configure:4605: result: /bin/grep -E
configure:4610: checking for ANSI C header files
configure:4630: gcc -c -g -O2  conftest.c >&5
configure:4630: $? = 0
configure:4703: gcc -o conftest -g -O2   conftest.c  >&5
configure:4703: $? = 0
configure:4703: ./conftest
configure:4703: $? = 0
configure:4714: result: yes
configure:4727: checking for sys/types.h
configure:4727: gcc -c -g -O2  conftest.c >&5
configure:4727: $? = 0
configure:4727: result: yes
configure:4727: checking for sys/stat.h
configure:4727: gcc -c -g -O2  conftest.c >&5
configure:4727: $? = 0
configure:4727: result: yes
configure:4727: checking for stdlib.h
configure:4727: gcc -c -g -O2  conftest.c >&5
configure:4727: $? = 0
configure:4727: result: yes
configure:4727: checking for string.h
configure:4727: gcc -c -g -O2  conftest.c >&5
configure:4727: $? = 0
configure:4727: result: yes
configure:4727: checking for memory.h
configure:4727: gcc -c -g -O2  conftest.c >&5
configure:4727: $? = 0
configure:4727: result: yes
configure:4727: checking for strings.h
configure:4727: gcc -c -g -O2  conftest.c >&5
configure:4727: $? = 0
configure:4727: result: yes
configure:4727: checking for inttypes.h
configure:4727: gcc -c -g -O2  conftest.c >&5
configure:4727: $? = 0
configure:4727: result: yes
configure:4727: checking for stdint.h
configure:4727: gcc -c -g -O2  conftest.c >&5
configure:4727: $? = 0
configure:4727: result: yes
configure:4727: checking for unistd.h
configure:4727: gcc -c -g -O2  conftest.c >&5
configure:4727: $? = 0
configure:4727: result: yes
configure:4740: checking minix/config.h usability
configure:4740: gcc -c -g -O2  conftest.c >&5
conftest.c:54:26: fatal error: minix/config.h: No such file or directory
 #include <minix/config.h>
                          ^
compilation terminated.
configure:4740: $? = 1
configure: failed program was:
| /* confdefs.h */
| #define PACKAGE_NAME "Check"
| #define PACKAGE_TARNAME "check"
| #define PACKAGE_VERSION "0.11.0"
| #define PACKAGE_STRING "Check 0.11.0"
| #define PACKAGE_BUGREPORT "check-devel at lists dot sourceforge dot net"
| #define PACKAGE_URL ""
| #define PACKAGE "check"
| #define VERSION "0.11.0"
| #define STDC_HEADERS 1
| #define HAVE_SYS_TYPES_H 1
| #define HAVE_SYS_STAT_H 1
| #define HAVE_STDLIB_H 1
| #define HAVE_STRING_H 1
| #define HAVE_MEMORY_H 1
| #define HAVE_STRINGS_H 1
| #define HAVE_INTTYPES_H 1
| #define HAVE_STDINT_H 1
| #define HAVE_UNISTD_H 1
| /* end confdefs.h.  */
| #include <stdio.h>
| #ifdef HAVE_SYS_TYPES_H
| # include <sys/types.h>
| #endif
| #ifdef HAVE_SYS_STAT_H
| # include <sys/stat.h>
| #endif
| #ifdef STDC_HEADERS
| # include <stdlib.h>
| # include <stddef.h>
| #else
| # ifdef HAVE_STDLIB_H
| #  include <stdlib.h>
| # endif
| #endif
| #ifdef HAVE_STRING_H
| # if !defined STDC_HEADERS && defined HAVE_MEMORY_H
| #  include <memory.h>
| # endif
| # include <string.h>
| #endif
| #ifdef HAVE_STRINGS_H
| # include <strings.h>
| #endif
| #ifdef HAVE_INTTYPES_H
| # include <inttypes.h>
| #endif
| #ifdef HAVE_STDINT_H
| # include <stdint.h>
| #endif
| #ifdef HAVE_UNISTD_H
| # include <unistd.h>
| #endif
| #include <minix/config.h>
configure:4740: result: no
configure:4740: checking minix/config.h presence
configure:4740: gcc -E  conftest.c
conftest.c:21:26: fatal error: minix/config.h: No such file or directory
 #include <minix/config.h>
                          ^
compilation terminated.
configure:4740: $? = 1
configure: failed program was:
| /* confdefs.h */
| #define PACKAGE_NAME "Check"
| #define PACKAGE_TARNAME "check"
| #define PACKAGE_VERSION "0.11.0"
| #define PACKAGE_STRING "Check 0.11.0"
| #define PACKAGE_BUGREPORT "check-devel at lists dot sourceforge dot net"
| #define PACKAGE_URL ""
| #define PACKAGE "check"
| #define VERSION "0.11.0"
| #define STDC_HEADERS 1
| #define HAVE_SYS_TYPES_H 1
| #define HAVE_SYS_STAT_H 1
| #define HAVE_STDLIB_H 1
| #define HAVE_STRING_H 1
| #define HAVE_MEMORY_H 1
| #define HAVE_STRINGS_H 1
| #define HAVE_INTTYPES_H 1
| #define HAVE_STDINT_H 1
| #define HAVE_UNISTD_H 1
| /* end confdefs.h.  */
| #include <minix/config.h>
configure:4740: result: no
configure:4740: checking for minix/config.h
configure:4740: result: no
configure:4761: checking whether it is safe to define __EXTENSIONS__
configure:4779: gcc -c -g -O2  conftest.c >&5
configure:4779: $? = 0
configure:4786: result: yes
configure:4819: checking whether make supports nested variables
configure:4836: result: yes
configure:4960: checking for a sed that does not truncate output
configure:5024: result: /bin/sed
configure:5033: checking for gawk
configure:5060: result: gawk
configure:5119: checking for gcc
configure:5146: result: gcc
configure:5375: checking for C compiler version
configure:5384: gcc --version >&5
gcc (Ubuntu 4.8.4-2ubuntu1~14.04.3) 4.8.4
Copyright (C) 2013 Free Software Foundation, Inc.
This is free software; see the source for copying conditions.  There is NO
warranty; not even for MERCHANTABILITY or FITNESS FOR A PARTICULAR PURPOSE.

configure:5395: $? = 0
configure:5384: gcc -v >&5
Using built-in specs.
COLLECT_GCC=gcc
COLLECT_LTO_WRAPPER=/usr/lib/gcc/x86_64-linux-gnu/4.8/lto-wrapper
Target: x86_64-linux-gnu
Configured with: ../src/configure -v --with-pkgversion='Ubuntu 4.8.4-2ubuntu1~14.04.3' --with-bugurl=file:///usr/share/doc/gcc-4.8/README.Bugs --enable-languages=c,c++,java,go,d,fortran,objc,obj-c++ --prefix=/usr --program-suffix=-4.8 --enable-shared --enable-linker-build-id --libexecdir=/usr/lib --without-included-gettext --enable-threads=posix --with-gxx-include-dir=/usr/include/c++/4.8 --libdir=/usr/lib --enable-nls --with-sysroot=/ --enable-clocale=gnu --enable-libstdcxx-debug --enable-libstdcxx-time=yes --enable-gnu-unique-object --disable-libmudflap --enable-plugin --with-system-zlib --disable-browser-plugin --enable-java-awt=gtk --enable-gtk-cairo --with-java-home=/usr/lib/jvm/java-1.5.0-gcj-4.8-amd64/jre --enable-java-home --with-jvm-root-dir=/usr/lib/jvm/java-1.5.0-gcj-4.8-amd64 --with-jvm-jar-dir=/usr/lib/jvm-exports/java-1.5.0-gcj-4.8-amd64 --with-arch-directory=amd64 --with-ecj-jar=/usr/share/java/eclipse-ecj.jar --enable-objc-gc --enable-multiarch --disable-werror --with-arch-32=i686 --with-abi=m64 --with-multilib-list=m32,m64,mx32 --with-tune=generic --enable-checking=release --build=x86_64-linux-gnu --host=x86_64-linux-gnu --target=x86_64-linux-gnu
Thread model: posix
gcc version 4.8.4 (Ubuntu 4.8.4-2ubuntu1~14.04.3) 
configure:5395: $? = 0
configure:5384: gcc -V >&5
gcc: error: unrecognized command line option '-V'
gcc: fatal error: no input files
compilation terminated.
configure:5395: $? = 4
configure:5384: gcc -qversion >&5
gcc: error: unrecognized command line option '-qversion'
gcc: fatal error: no input files
compilation terminated.
configure:5395: $? = 4
configure:5399: checking whether we are using the GNU C compiler
configure:5427: result: yes
configure:5436: checking whether gcc accepts -g
configure:5497: result: yes
configure:5514: checking for gcc option to accept ISO C89
configure:5590: result: none needed
configure:5615: checking whether gcc understands -c and -o together
configure:5652: result: yes
configure:5671: checking dependency style of gcc
configure:5782: result: gcc3
configure:5800: checking whether ln -s works
configure:5804: result: yes
configure:5862: checking for ar
configure:5878: found /usr/bin/ar
configure:5889: result: ar
configure:5915: checking the archiver (ar) interface
configure:5931: gcc -c -g -O2  conftest.c >&5
configure:5931: $? = 0
configure:5933: ar cru libconftest.a conftest.o >&5
configure:5936: $? = 0
configure:5964: result: ar
configure:6013: checking build system type
configure:6027: result: x86_64-unknown-linux-gnu
configure:6047: checking host system type
configure:6060: result: x86_64-unknown-linux-gnu
configure:6101: checking how to print strings
configure:6128: result: printf
configure:6149: checking for a sed that does not truncate output
configure:6213: result: /bin/sed
configure:6231: checking for fgrep
configure:6293: result: /bin/grep -F
configure:6328: checking for ld used by gcc
configure:6395: result: /usr/bin/ld
configure:6402: checking if the linker (/usr/bin/ld) is GNU ld
configure:6417: result: yes
configure:6429: checking for BSD- or MS-compatible name lister (nm)
configure:6478: result: /usr/bin/nm -B
configure:6608: checking the name lister (/usr/bin/nm -B) interface
configure:6615: gcc -c -g -O2  conftest.c >&5
configure:6618: /usr/bin/nm -B "conftest.o"
configure:6621: output
0000000000000000 B some_variable
configure:6628: result: BSD nm
configure:6632: checking the maximum length of command line arguments
configure:6763: result: 1572864
configure:6780: checking whether the shell understands some XSI constructs
configure:6790: result: yes
configure:6794: checking whether the shell understands "+="
configure:6800: result: yes
configure:6835: checking how to convert x86_64-unknown-linux-gnu file names to x86_64-unknown-linux-gnu format
configure:6875: result: func_convert_file_noop
configure:6882: checking how to convert x86_64-unknown-linux-gnu file names to toolchain format
configure:6902: result: func_convert_file_noop
configure:6909: checking for /usr/bin/ld option to reload object files
configure:6916: result: -r
configure:6990: checking for objdump
configure:7006: found /usr/bin/objdump
configure:7017: result: objdump
configure:7049: checking how to recognize dependent libraries
configure:7247: result: pass_all
configure:7332: checking for dlltool
configure:7362: result: no
configure:7392: checking how to associate runtime and link libraries
configure:7419: result: printf %s\n
configure:7543: checking for archiver @FILE support
configure:7560: gcc -c -g -O2  conftest.c >&5
configure:7560: $? = 0
configure:7563: ar cru libconftest.a @conftest.lst >&5
configure:7566: $? = 0
configure:7571: ar cru libconftest.a @conftest.lst >&5
ar: conftest.o: No such file or directory
configure:7574: $? = 1
configure:7586: result: @
configure:7644: checking for strip
configure:7660: found /usr/bin/strip
configure:7671: result: strip
configure:7743: checking for ranlib
configure:7759: found /usr/bin/ranlib
configure:7770: result: ranlib
configure:7872: checking command to parse /usr/bin/nm -B output from gcc object
configure:7992: gcc -c -g -O2  conftest.c >&5
configure:7995: $? = 0
configure:7999: /usr/bin/nm -B conftest.o \| sed -n -e 's/^.*[ ]\([ABCDGIRSTW][ABCDGIRSTW]*\)[ ][ ]*\([_A-Za-z][_A-Za-z0-9]*\)$/\1 \2 \2/p' | sed '/ __gnu_lto/d' \> conftest.nm
configure:8002: $? = 0
configure:8068: gcc -o conftest -g -O2   conftest.c conftstm.o >&5
configure:8071: $? = 0
configure:8109: result: ok
configure:8146: checking for sysroot
configure:8176: result: no
configure:8253: gcc -c -g -O2  conftest.c >&5
configure:8256: $? = 0
configure:8445: checking for mt
configure:8461: found /bin/mt
configure:8472: result: mt
configure:8495: checking if mt is a manifest tool
configure:8501: mt '-?'
configure:8509: result: no
configure:9148: checking for dlfcn.h
configure:9148: gcc -c -g -O2  conftest.c >&5
configure:9148: $? = 0
configure:9148: result: yes
configure:9354: checking for objdir
configure:9369: result: .libs
configure:9640: checking if gcc supports -fno-rtti -fno-exceptions
configure:9658: gcc -c -g -O2  -fno-rtti -fno-exceptions conftest.c >&5
cc1: warning: command line option '-fno-rtti' is valid for C++/ObjC++ but not for C [enabled by default]
configure:9662: $? = 0
configure:9675: result: no
configure:10002: checking for gcc option to produce PIC
configure:10009: result: -fPIC -DPIC
configure:10017: checking if gcc PIC flag -fPIC -DPIC works
configure:10035: gcc -c -g -O2  -fPIC -DPIC -DPIC conftest.c >&5
configure:10039: $? = 0
configure:10052: result: yes
configure:10081: checking if gcc static flag -static works
configure:10109: result: yes
configure:10124: checking if gcc supports -c -o file.o
configure:10145: gcc -c -g -O2  -o out/conftest2.o conftest.c >&5
configure:10149: $? = 0
configure:10171: result: yes
configure:10179: checking if gcc supports -c -o file.o
configure:10226: result: yes
configure:10259: checking whether the gcc linker (/usr/bin/ld -m elf_x86_64) supports shared libraries
configure:11416: result: yes
configure:11453: checking whether -lc should be explicitly linked in
configure:11461: gcc -c -g -O2  conftest.c >&5
configure:11464: $? = 0
configure:11479: gcc -shared  -fPIC -DPIC conftest.o  -v -Wl,-soname -Wl,conftest -o conftest 2\>\&1 \| /bin/grep  -lc  \>/dev/null 2\>\&1
configure:11482: $? = 0
configure:11496: result: no
configure:11656: checking dynamic linker characteristics
configure:12156: gcc -o conftest -g -O2   -Wl,-rpath -Wl,/foo conftest.c  >&5
configure:12156: $? = 0
configure:12390: result: GNU/Linux ld.so
configure:12497: checking how to hardcode library paths into programs
configure:12522: result: immediate
configure:13062: checking whether stripping libraries is possible
configure:13067: result: yes
configure:13102: checking if libtool supports shared libraries
configure:13104: result: yes
configure:13107: checking whether to build shared libraries
configure:13128: result: yes
configure:13131: checking whether to build static libraries
configure:13135: result: yes
configure:13191: checking whether the C compiler accepts the -Wextra flag
configure:13220: gcc -c -g -O2 -Wextra  conftest.c >&5
configure:13220: $? = 0
configure:13243: result: yes
configure:13265: checking whether the C compiler accepts the -Wstrict-prototypes flag
configure:13294: gcc -c -g -O2 -Wextra -Wstrict-prototypes  conftest.c >&5
conftest.c:31:1: warning: function declaration isn't a prototype [-Wstrict-prototypes]
 main ()
 ^
configure:13294: $? = 0
configure:13317: result: yes
configure:13339: checking whether the C compiler accepts the -Wmissing-prototypes flag
configure:13368: gcc -c -g -O2 -Wextra -Wstrict-prototypes -Wmissing-prototypes  conftest.c >&5
conftest.c:31:1: warning: function declaration isn't a prototype [-Wstrict-prototypes]
 main ()
 ^
configure:13368: $? = 0
configure:13391: result: yes
configure:13413: checking whether the C compiler accepts the -Wwrite-strings flag
configure:13442: gcc -c -g -O2 -Wextra -Wstrict-prototypes -Wmissing-prototypes -Wwrite-strings  conftest.c >&5
conftest.c:31:1: warning: function declaration isn't a prototype [-Wstrict-prototypes]
 main ()
 ^
configure:13442: $? = 0
configure:13465: result: yes
configure:13487: checking whether the C compiler accepts the -Wno-variadic-macros flag
configure:13516: gcc -c -g -O2 -Wextra -Wstrict-prototypes -Wmissing-prototypes -Wwrite-strings -Wno-variadic-macros  conftest.c >&5
conftest.c:31:1: warning: function declaration isn't a prototype [-Wstrict-prototypes]
 main ()
 ^
configure:13516: $? = 0
configure:13539: result: yes
configure:13561: checking whether the C compiler accepts the -Wimport flag
configure:13590: gcc -c -g -O2 -Wextra -Wstrict-prototypes -Wmissing-prototypes -Wwrite-strings -Wno-variadic-macros -Wimport  conftest.c >&5
conftest.c:31:1: warning: function declaration isn't a prototype [-Wstrict-prototypes]
 main ()
 ^
configure:13590: $? = 0
configure:13613: result: yes
configure:13635: checking whether the C compiler accepts the -Wfatal-errors flag
configure:13664: gcc -c -g -O2 -Wextra -Wstrict-prototypes -Wmissing-prototypes -Wwrite-strings -Wno-variadic-macros -Wimport -Wfatal-errors  conftest.c >&5
conftest.c:31:1: warning: function declaration isn't a prototype [-Wstrict-prototypes]
 main ()
 ^
configure:13664: $? = 0
configure:13687: result: yes
configure:13709: checking whether the C compiler accepts the -Wformat=2 flag
configure:13738: gcc -c -g -O2 -Wextra -Wstrict-prototypes -Wmissing-prototypes -Wwrite-strings -Wno-variadic-macros -Wimport -Wfatal-errors -Wformat=2  conftest.c >&5
conftest.c:31:1: warning: function declaration isn't a prototype [-Wstrict-prototypes]
 main ()
 ^
configure:13738: $? = 0
configure:13761: result: yes
configure:13783: checking whether the C compiler accepts the -Winit-self flag
configure:13812: gcc -c -g -O2 -Wextra -Wstrict-prototypes -Wmissing-prototypes -Wwrite-strings -Wno-variadic-macros -Wimport -Wfatal-errors -Wformat=2 -Winit-self  conftest.c >&5
conftest.c:31:1: warning: function declaration isn't a prototype [-Wstrict-prototypes]
 main ()
 ^
configure:13812: $? = 0
configure:13835: result: yes
configure:13857: checking whether the C compiler accepts the -Wmissing-include-dirs flag
configure:13886: gcc -c -g -O2 -Wextra -Wstrict-prototypes -Wmissing-prototypes -Wwrite-strings -Wno-variadic-macros -Wimport -Wfatal-errors -Wformat=2 -Winit-self -Wmissing-include-dirs  conftest.c >&5
conftest.c:31:1: warning: function declaration isn't a prototype [-Wstrict-prototypes]
 main ()
 ^
configure:13886: $? = 0
configure:13909: result: yes
configure:13931: checking whether the C compiler accepts the -Wswitch-default flag
configure:13960: gcc -c -g -O2 -Wextra -Wstrict-prototypes -Wmissing-prototypes -Wwrite-strings -Wno-variadic-macros -Wimport -Wfatal-errors -Wformat=2 -Winit-self -Wmissing-include-dirs -Wswitch-default  conftest.c >&5
conftest.c:31:1: warning: function declaration isn't a prototype [-Wstrict-prototypes]
 main ()
 ^
configure:13960: $? = 0
configure:13983: result: yes
configure:14005: checking whether the C compiler accepts the -Wunknown-pragmas flag
configure:14034: gcc -c -g -O2 -Wextra -Wstrict-prototypes -Wmissing-prototypes -Wwrite-strings -Wno-variadic-macros -Wimport -Wfatal-errors -Wformat=2 -Winit-self -Wmissing-include-dirs -Wswitch-default -Wunknown-pragmas  conftest.c >&5
conftest.c:31:1: warning: function declaration isn't a prototype [-Wstrict-prototypes]
 main ()
 ^
configure:14034: $? = 0
configure:14057: result: yes
configure:14161: checking for gcov
configure:14177: found /usr/bin/gcov
configure:14188: result: gcov
configure:14204: checking for lcov
configure:14234: result: no
configure:14247: checking for genhtml
configure:14277: result: no
configure:14290: checking for tex
configure:14320: result: no
configure:14333: WARNING: tex not installed: cannot rebuild HTML documentation.
configure:14340: checking for filterdiff
configure:14356: found /usr/bin/filterdiff
configure:14367: result: filterdiff
configure:14562: checking for the pthreads library -lpthreads
configure:14595: gcc -o conftest -g -O2 -Wextra -Wstrict-prototypes -Wmissing-prototypes -Wwrite-strings -Wno-variadic-macros -Wimport -Wfatal-errors -Wformat=2 -Winit-self -Wmissing-include-dirs -Wswitch-default -Wunknown-pragmas    conftest.c -lpthreads  >&5
conftest.c:30:1: warning: function declaration isn't a prototype [-Wstrict-prototypes]
 main ()
 ^
conftest.c: In function 'main':
conftest.c:33:22: warning: null argument where non-null required (argument 1) [-Wnonnull]
                      pthread_attr_init(0); pthread_cleanup_push(0, 0);
                      ^
conftest.c:34:22: warning: null argument where non-null required (argument 1) [-Wnonnull]
                      pthread_create(0,0,0,0); pthread_cleanup_pop(0);
                      ^
conftest.c:34:22: warning: null argument where non-null required (argument 3) [-Wnonnull]
conftest.c:32:27: warning: 'th' is used uninitialized in this function [-Wuninitialized]
 pthread_t th; pthread_join(th, 0);
                           ^
/usr/bin/ld: cannot find -lpthreads
collect2: error: ld returned 1 exit status
configure:14595: $? = 1
configure: failed program was:
| /* confdefs.h */
| #define PACKAGE_NAME "Check"
| #define PACKAGE_TARNAME "check"
| #define PACKAGE_VERSION "0.11.0"
| #define PACKAGE_STRING "Check 0.11.0"
| #define PACKAGE_BUGREPORT "check-devel at lists dot sourceforge dot net"
| #define PACKAGE_URL ""
| #define PACKAGE "check"
| #define VERSION "0.11.0"
| #define STDC_HEADERS 1
| #define HAVE_SYS_TYPES_H 1
| #define HAVE_SYS_STAT_H 1
| #define HAVE_STDLIB_H 1
| #define HAVE_STRING_H 1
| #define HAVE_MEMORY_H 1
| #define HAVE_STRINGS_H 1
| #define HAVE_INTTYPES_H 1
| #define HAVE_STDINT_H 1
| #define HAVE_UNISTD_H 1
| #define __EXTENSIONS__ 1
| #define _ALL_SOURCE 1
| #define _GNU_SOURCE 1
| #define _POSIX_PTHREAD_SEMANTICS 1
| #define _TANDEM_SOURCE 1
| #define HAVE_DLFCN_H 1
| #define LT_OBJDIR ".libs/"
| /* end confdefs.h.  */
| #include <pthread.h>
| int
| main ()
| {
| pthread_t th; pthread_join(th, 0);
|                      pthread_attr_init(0); pthread_cleanup_push(0, 0);
|                      pthread_create(0,0,0,0); pthread_cleanup_pop(0);
|   ;
|   return 0;
| }
configure:14604: result: no
configure:14507: checking whether pthreads work without any flags
configure:14595: gcc -o conftest -g -O2 -Wextra -Wstrict-prototypes -Wmissing-prototypes -Wwrite-strings -Wno-variadic-macros -Wimport -Wfatal-errors -Wformat=2 -Winit-self -Wmissing-include-dirs -Wswitch-default -Wunknown-pragmas    conftest.c   >&5
conftest.c:30:1: warning: function declaration isn't a prototype [-Wstrict-prototypes]
 main ()
 ^
conftest.c: In function 'main':
conftest.c:33:22: warning: null argument where non-null required (argument 1) [-Wnonnull]
                      pthread_attr_init(0); pthread_cleanup_push(0, 0);
                      ^
conftest.c:34:22: warning: null argument where non-null required (argument 1) [-Wnonnull]
                      pthread_create(0,0,0,0); pthread_cleanup_pop(0);
                      ^
conftest.c:34:22: warning: null argument where non-null required (argument 3) [-Wnonnull]
conftest.c:32:27: warning: 'th' is used uninitialized in this function [-Wuninitialized]
 pthread_t th; pthread_join(th, 0);
                           ^
/tmp/ccA4C6ov.o: In function `main':
/home/neil/Documents/cs4098/check/conftest.c:32: undefined reference to `pthread_join'
/home/neil/Documents/cs4098/check/conftest.c:33: undefined reference to `__pthread_register_cancel'
/home/neil/Documents/cs4098/check/conftest.c:34: undefined reference to `pthread_create'
/home/neil/Documents/cs4098/check/conftest.c:34: undefined reference to `__pthread_unregister_cancel'
collect2: error: ld returned 1 exit status
configure:14595: $? = 1
configure: failed program was:
| /* confdefs.h */
| #define PACKAGE_NAME "Check"
| #define PACKAGE_TARNAME "check"
| #define PACKAGE_VERSION "0.11.0"
| #define PACKAGE_STRING "Check 0.11.0"
| #define PACKAGE_BUGREPORT "check-devel at lists dot sourceforge dot net"
| #define PACKAGE_URL ""
| #define PACKAGE "check"
| #define VERSION "0.11.0"
| #define STDC_HEADERS 1
| #define HAVE_SYS_TYPES_H 1
| #define HAVE_SYS_STAT_H 1
| #define HAVE_STDLIB_H 1
| #define HAVE_STRING_H 1
| #define HAVE_MEMORY_H 1
| #define HAVE_STRINGS_H 1
| #define HAVE_INTTYPES_H 1
| #define HAVE_STDINT_H 1
| #define HAVE_UNISTD_H 1
| #define __EXTENSIONS__ 1
| #define _ALL_SOURCE 1
| #define _GNU_SOURCE 1
| #define _POSIX_PTHREAD_SEMANTICS 1
| #define _TANDEM_SOURCE 1
| #define HAVE_DLFCN_H 1
| #define LT_OBJDIR ".libs/"
| /* end confdefs.h.  */
| #include <pthread.h>
| int
| main ()
| {
| pthread_t th; pthread_join(th, 0);
|                      pthread_attr_init(0); pthread_cleanup_push(0, 0);
|                      pthread_create(0,0,0,0); pthread_cleanup_pop(0);
|   ;
|   return 0;
| }
configure:14604: result: no
configure:14512: checking whether pthreads work with -Kthread
configure:14595: gcc -o conftest -g -O2 -Wextra -Wstrict-prototypes -Wmissing-prototypes -Wwrite-strings -Wno-variadic-macros -Wimport -Wfatal-errors -Wformat=2 -Winit-self -Wmissing-include-dirs -Wswitch-default -Wunknown-pragmas -Kthread   conftest.c   >&5
gcc: error: unrecognized command line option '-Kthread'
configure:14595: $? = 1
configure: failed program was:
| /* confdefs.h */
| #define PACKAGE_NAME "Check"
| #define PACKAGE_TARNAME "check"
| #define PACKAGE_VERSION "0.11.0"
| #define PACKAGE_STRING "Check 0.11.0"
| #define PACKAGE_BUGREPORT "check-devel at lists dot sourceforge dot net"
| #define PACKAGE_URL ""
| #define PACKAGE "check"
| #define VERSION "0.11.0"
| #define STDC_HEADERS 1
| #define HAVE_SYS_TYPES_H 1
| #define HAVE_SYS_STAT_H 1
| #define HAVE_STDLIB_H 1
| #define HAVE_STRING_H 1
| #define HAVE_MEMORY_H 1
| #define HAVE_STRINGS_H 1
| #define HAVE_INTTYPES_H 1
| #define HAVE_STDINT_H 1
| #define HAVE_UNISTD_H 1
| #define __EXTENSIONS__ 1
| #define _ALL_SOURCE 1
| #define _GNU_SOURCE 1
| #define _POSIX_PTHREAD_SEMANTICS 1
| #define _TANDEM_SOURCE 1
| #define HAVE_DLFCN_H 1
| #define LT_OBJDIR ".libs/"
| /* end confdefs.h.  */
| #include <pthread.h>
| int
| main ()
| {
| pthread_t th; pthread_join(th, 0);
|                      pthread_attr_init(0); pthread_cleanup_push(0, 0);
|                      pthread_create(0,0,0,0); pthread_cleanup_pop(0);
|   ;
|   return 0;
| }
configure:14604: result: no
configure:14512: checking whether pthreads work with -kthread
configure:14595: gcc -o conftest -g -O2 -Wextra -Wstrict-prototypes -Wmissing-prototypes -Wwrite-strings -Wno-variadic-macros -Wimport -Wfatal-errors -Wformat=2 -Winit-self -Wmissing-include-dirs -Wswitch-default -Wunknown-pragmas -kthread   conftest.c   >&5
gcc: error: unrecognized command line option '-kthread'
configure:14595: $? = 1
configure: failed program was:
| /* confdefs.h */
| #define PACKAGE_NAME "Check"
| #define PACKAGE_TARNAME "check"
| #define PACKAGE_VERSION "0.11.0"
| #define PACKAGE_STRING "Check 0.11.0"
| #define PACKAGE_BUGREPORT "check-devel at lists dot sourceforge dot net"
| #define PACKAGE_URL ""
| #define PACKAGE "check"
| #define VERSION "0.11.0"
| #define STDC_HEADERS 1
| #define HAVE_SYS_TYPES_H 1
| #define HAVE_SYS_STAT_H 1
| #define HAVE_STDLIB_H 1
| #define HAVE_STRING_H 1
| #define HAVE_MEMORY_H 1
| #define HAVE_STRINGS_H 1
| #define HAVE_INTTYPES_H 1
| #define HAVE_STDINT_H 1
| #define HAVE_UNISTD_H 1
| #define __EXTENSIONS__ 1
| #define _ALL_SOURCE 1
| #define _GNU_SOURCE 1
| #define _POSIX_PTHREAD_SEMANTICS 1
| #define _TANDEM_SOURCE 1
| #define HAVE_DLFCN_H 1
| #define LT_OBJDIR ".libs/"
| /* end confdefs.h.  */
| #include <pthread.h>
| int
| main ()
| {
| pthread_t th; pthread_join(th, 0);
|                      pthread_attr_init(0); pthread_cleanup_push(0, 0);
|                      pthread_create(0,0,0,0); pthread_cleanup_pop(0);
|   ;
|   return 0;
| }
configure:14604: result: no
configure:14562: checking for the pthreads library -llthread
configure:14595: gcc -o conftest -g -O2 -Wextra -Wstrict-prototypes -Wmissing-prototypes -Wwrite-strings -Wno-variadic-macros -Wimport -Wfatal-errors -Wformat=2 -Winit-self -Wmissing-include-dirs -Wswitch-default -Wunknown-pragmas    conftest.c -llthread  >&5
conftest.c:30:1: warning: function declaration isn't a prototype [-Wstrict-prototypes]
 main ()
 ^
conftest.c: In function 'main':
conftest.c:33:22: warning: null argument where non-null required (argument 1) [-Wnonnull]
                      pthread_attr_init(0); pthread_cleanup_push(0, 0);
                      ^
conftest.c:34:22: warning: null argument where non-null required (argument 1) [-Wnonnull]
                      pthread_create(0,0,0,0); pthread_cleanup_pop(0);
                      ^
conftest.c:34:22: warning: null argument where non-null required (argument 3) [-Wnonnull]
conftest.c:32:27: warning: 'th' is used uninitialized in this function [-Wuninitialized]
 pthread_t th; pthread_join(th, 0);
                           ^
/usr/bin/ld: cannot find -llthread
collect2: error: ld returned 1 exit status
configure:14595: $? = 1
configure: failed program was:
| /* confdefs.h */
| #define PACKAGE_NAME "Check"
| #define PACKAGE_TARNAME "check"
| #define PACKAGE_VERSION "0.11.0"
| #define PACKAGE_STRING "Check 0.11.0"
| #define PACKAGE_BUGREPORT "check-devel at lists dot sourceforge dot net"
| #define PACKAGE_URL ""
| #define PACKAGE "check"
| #define VERSION "0.11.0"
| #define STDC_HEADERS 1
| #define HAVE_SYS_TYPES_H 1
| #define HAVE_SYS_STAT_H 1
| #define HAVE_STDLIB_H 1
| #define HAVE_STRING_H 1
| #define HAVE_MEMORY_H 1
| #define HAVE_STRINGS_H 1
| #define HAVE_INTTYPES_H 1
| #define HAVE_STDINT_H 1
| #define HAVE_UNISTD_H 1
| #define __EXTENSIONS__ 1
| #define _ALL_SOURCE 1
| #define _GNU_SOURCE 1
| #define _POSIX_PTHREAD_SEMANTICS 1
| #define _TANDEM_SOURCE 1
| #define HAVE_DLFCN_H 1
| #define LT_OBJDIR ".libs/"
| /* end confdefs.h.  */
| #include <pthread.h>
| int
| main ()
| {
| pthread_t th; pthread_join(th, 0);
|                      pthread_attr_init(0); pthread_cleanup_push(0, 0);
|                      pthread_create(0,0,0,0); pthread_cleanup_pop(0);
|   ;
|   return 0;
| }
configure:14604: result: no
configure:14512: checking whether pthreads work with -pthread
configure:14595: gcc -o conftest -g -O2 -Wextra -Wstrict-prototypes -Wmissing-prototypes -Wwrite-strings -Wno-variadic-macros -Wimport -Wfatal-errors -Wformat=2 -Winit-self -Wmissing-include-dirs -Wswitch-default -Wunknown-pragmas -pthread   conftest.c   >&5
conftest.c:30:1: warning: function declaration isn't a prototype [-Wstrict-prototypes]
 main ()
 ^
conftest.c: In function 'main':
conftest.c:33:22: warning: null argument where non-null required (argument 1) [-Wnonnull]
                      pthread_attr_init(0); pthread_cleanup_push(0, 0);
                      ^
conftest.c:34:22: warning: null argument where non-null required (argument 1) [-Wnonnull]
                      pthread_create(0,0,0,0); pthread_cleanup_pop(0);
                      ^
conftest.c:34:22: warning: null argument where non-null required (argument 3) [-Wnonnull]
conftest.c:32:27: warning: 'th' is used uninitialized in this function [-Wuninitialized]
 pthread_t th; pthread_join(th, 0);
                           ^
configure:14595: $? = 0
configure:14604: result: yes
configure:14623: checking for joinable pthread attribute
configure:14638: gcc -o conftest -g -O2 -Wextra -Wstrict-prototypes -Wmissing-prototypes -Wwrite-strings -Wno-variadic-macros -Wimport -Wfatal-errors -Wformat=2 -Winit-self -Wmissing-include-dirs -Wswitch-default -Wunknown-pragmas -pthread   conftest.c   >&5
conftest.c:30:1: warning: function declaration isn't a prototype [-Wstrict-prototypes]
 main ()
 ^
configure:14638: $? = 0
configure:14644: result: PTHREAD_CREATE_JOINABLE
configure:14654: checking if more special flags are required for pthreads
configure:14661: result: no
configure:14746: checking for floor in -lm
configure:14771: gcc -o conftest -g -O2 -Wextra -Wstrict-prototypes -Wmissing-prototypes -Wwrite-strings -Wno-variadic-macros -Wimport -Wfatal-errors -Wformat=2 -Winit-self -Wmissing-include-dirs -Wswitch-default -Wunknown-pragmas   conftest.c -lm   >&5
conftest.c:36:1: warning: function declaration isn't a prototype [-Wstrict-prototypes]
 char floor ();
 ^
conftest.c:36:6: warning: conflicting types for built-in function 'floor' [enabled by default]
 char floor ();
      ^
conftest.c:38:1: warning: function declaration isn't a prototype [-Wstrict-prototypes]
 main ()
 ^
configure:14771: $? = 0
configure:14780: result: yes
configure:14794: checking for clock_gettime, timer_create, timer_settime, timer_delete in -lrt
configure:14819: gcc -o conftest -g -O2 -Wextra -Wstrict-prototypes -Wmissing-prototypes -Wwrite-strings -Wno-variadic-macros -Wimport -Wfatal-errors -Wformat=2 -Winit-self -Wmissing-include-dirs -Wswitch-default -Wunknown-pragmas   conftest.c -lrt  -lm  >&5
conftest.c:37:1: warning: function declaration isn't a prototype [-Wstrict-prototypes]
 char clock_gettime, timer_create, timer_settime, timer_delete ();
 ^
conftest.c:39:1: warning: function declaration isn't a prototype [-Wstrict-prototypes]
 main ()
 ^
configure:14819: $? = 0
configure:14828: result: yes
configure:14844: checking for struct timespec.tv_sec
configure:14844: gcc -c -g -O2 -Wextra -Wstrict-prototypes -Wmissing-prototypes -Wwrite-strings -Wno-variadic-macros -Wimport -Wfatal-errors -Wformat=2 -Winit-self -Wmissing-include-dirs -Wswitch-default -Wunknown-pragmas  conftest.c >&5
conftest.c:39:1: warning: function declaration isn't a prototype [-Wstrict-prototypes]
 main ()
 ^
configure:14844: $? = 0
configure:14844: result: yes
configure:14865: checking for struct timespec.tv_nsec
configure:14865: gcc -c -g -O2 -Wextra -Wstrict-prototypes -Wmissing-prototypes -Wwrite-strings -Wno-variadic-macros -Wimport -Wfatal-errors -Wformat=2 -Winit-self -Wmissing-include-dirs -Wswitch-default -Wunknown-pragmas  conftest.c >&5
conftest.c:40:1: warning: function declaration isn't a prototype [-Wstrict-prototypes]
 main ()
 ^
configure:14865: $? = 0
configure:14865: result: yes
configure:14892: checking for struct itimerspec.it_interval
configure:14892: gcc -c -g -O2 -Wextra -Wstrict-prototypes -Wmissing-prototypes -Wwrite-strings -Wno-variadic-macros -Wimport -Wfatal-errors -Wformat=2 -Winit-self -Wmissing-include-dirs -Wswitch-default -Wunknown-pragmas  conftest.c >&5
conftest.c:41:1: warning: function declaration isn't a prototype [-Wstrict-prototypes]
 main ()
 ^
conftest.c: In function 'main':
conftest.c:44:5: error: used struct type value where scalar is required
 if (ac_aggr.it_interval)
     ^
compilation terminated due to -Wfatal-errors.
configure:14892: $? = 1
configure: failed program was:
| /* confdefs.h */
| #define PACKAGE_NAME "Check"
| #define PACKAGE_TARNAME "check"
| #define PACKAGE_VERSION "0.11.0"
| #define PACKAGE_STRING "Check 0.11.0"
| #define PACKAGE_BUGREPORT "check-devel at lists dot sourceforge dot net"
| #define PACKAGE_URL ""
| #define PACKAGE "check"
| #define VERSION "0.11.0"
| #define STDC_HEADERS 1
| #define HAVE_SYS_TYPES_H 1
| #define HAVE_SYS_STAT_H 1
| #define HAVE_STDLIB_H 1
| #define HAVE_STRING_H 1
| #define HAVE_MEMORY_H 1
| #define HAVE_STRINGS_H 1
| #define HAVE_INTTYPES_H 1
| #define HAVE_STDINT_H 1
| #define HAVE_UNISTD_H 1
| #define __EXTENSIONS__ 1
| #define _ALL_SOURCE 1
| #define _GNU_SOURCE 1
| #define _POSIX_PTHREAD_SEMANTICS 1
| #define _TANDEM_SOURCE 1
| #define HAVE_DLFCN_H 1
| #define LT_OBJDIR ".libs/"
| #define HAVE_PTHREAD 1
| #define HAVE_LIBM 1
| #define HAVE_LIBRT 1
| #define HAVE_STRUCT_TIMESPEC_TV_SEC 1
| #define HAVE_STRUCT_TIMESPEC_TV_NSEC 1
| /* end confdefs.h.  */
| 
| #include <time.h>
| #if defined(HAVE_PTHREAD)
| #include <pthread.h>
| #endif /* HAVE_PTHREAD */
| 
| 
| int
| main ()
| {
| static struct itimerspec ac_aggr;
| if (ac_aggr.it_interval)
| return 0;
|   ;
|   return 0;
| }
configure:14892: gcc -c -g -O2 -Wextra -Wstrict-prototypes -Wmissing-prototypes -Wwrite-strings -Wno-variadic-macros -Wimport -Wfatal-errors -Wformat=2 -Winit-self -Wmissing-include-dirs -Wswitch-default -Wunknown-pragmas  conftest.c >&5
conftest.c:41:1: warning: function declaration isn't a prototype [-Wstrict-prototypes]
 main ()
 ^
configure:14892: $? = 0
configure:14892: result: yes
configure:14913: checking for struct itimerspec.it_value
configure:14913: gcc -c -g -O2 -Wextra -Wstrict-prototypes -Wmissing-prototypes -Wwrite-strings -Wno-variadic-macros -Wimport -Wfatal-errors -Wformat=2 -Winit-self -Wmissing-include-dirs -Wswitch-default -Wunknown-pragmas  conftest.c >&5
conftest.c:42:1: warning: function declaration isn't a prototype [-Wstrict-prototypes]
 main ()
 ^
conftest.c: In function 'main':
conftest.c:45:5: error: used struct type value where scalar is required
 if (ac_aggr.it_value)
     ^
compilation terminated due to -Wfatal-errors.
configure:14913: $? = 1
configure: failed program was:
| /* confdefs.h */
| #define PACKAGE_NAME "Check"
| #define PACKAGE_TARNAME "check"
| #define PACKAGE_VERSION "0.11.0"
| #define PACKAGE_STRING "Check 0.11.0"
| #define PACKAGE_BUGREPORT "check-devel at lists dot sourceforge dot net"
| #define PACKAGE_URL ""
| #define PACKAGE "check"
| #define VERSION "0.11.0"
| #define STDC_HEADERS 1
| #define HAVE_SYS_TYPES_H 1
| #define HAVE_SYS_STAT_H 1
| #define HAVE_STDLIB_H 1
| #define HAVE_STRING_H 1
| #define HAVE_MEMORY_H 1
| #define HAVE_STRINGS_H 1
| #define HAVE_INTTYPES_H 1
| #define HAVE_STDINT_H 1
| #define HAVE_UNISTD_H 1
| #define __EXTENSIONS__ 1
| #define _ALL_SOURCE 1
| #define _GNU_SOURCE 1
| #define _POSIX_PTHREAD_SEMANTICS 1
| #define _TANDEM_SOURCE 1
| #define HAVE_DLFCN_H 1
| #define LT_OBJDIR ".libs/"
| #define HAVE_PTHREAD 1
| #define HAVE_LIBM 1
| #define HAVE_LIBRT 1
| #define HAVE_STRUCT_TIMESPEC_TV_SEC 1
| #define HAVE_STRUCT_TIMESPEC_TV_NSEC 1
| #define HAVE_STRUCT_ITIMERSPEC_IT_INTERVAL 1
| /* end confdefs.h.  */
| 
| #include <time.h>
| #if defined(HAVE_PTHREAD)
| #include <pthread.h>
| #endif /* HAVE_PTHREAD */
| 
| 
| int
| main ()
| {
| static struct itimerspec ac_aggr;
| if (ac_aggr.it_value)
| return 0;
|   ;
|   return 0;
| }
configure:14913: gcc -c -g -O2 -Wextra -Wstrict-prototypes -Wmissing-prototypes -Wwrite-strings -Wno-variadic-macros -Wimport -Wfatal-errors -Wformat=2 -Winit-self -Wmissing-include-dirs -Wswitch-default -Wunknown-pragmas  conftest.c >&5
conftest.c:42:1: warning: function declaration isn't a prototype [-Wstrict-prototypes]
 main ()
 ^
configure:14913: $? = 0
configure:14913: result: yes
configure:14937: checking for ANSI C header files
configure:15041: result: yes
configure:15049: checking for sys/wait.h that is POSIX.1 compatible
configure:15075: gcc -c -g -O2 -Wextra -Wstrict-prototypes -Wmissing-prototypes -Wwrite-strings -Wno-variadic-macros -Wimport -Wfatal-errors -Wformat=2 -Winit-self -Wmissing-include-dirs -Wswitch-default -Wunknown-pragmas  conftest.c >&5
conftest.c:46:1: warning: function declaration isn't a prototype [-Wstrict-prototypes]
 main ()
 ^
configure:15075: $? = 0
configure:15082: result: yes
configure:15093: checking fcntl.h usability
configure:15093: gcc -c -g -O2 -Wextra -Wstrict-prototypes -Wmissing-prototypes -Wwrite-strings -Wno-variadic-macros -Wimport -Wfatal-errors -Wformat=2 -Winit-self -Wmissing-include-dirs -Wswitch-default -Wunknown-pragmas  conftest.c >&5
configure:15093: $? = 0
configure:15093: result: yes
configure:15093: checking fcntl.h presence
configure:15093: gcc -E  conftest.c
configure:15093: $? = 0
configure:15093: result: yes
configure:15093: checking for fcntl.h
configure:15093: result: yes
configure:15093: checking stddef.h usability
configure:15093: gcc -c -g -O2 -Wextra -Wstrict-prototypes -Wmissing-prototypes -Wwrite-strings -Wno-variadic-macros -Wimport -Wfatal-errors -Wformat=2 -Winit-self -Wmissing-include-dirs -Wswitch-default -Wunknown-pragmas  conftest.c >&5
configure:15093: $? = 0
configure:15093: result: yes
configure:15093: checking stddef.h presence
configure:15093: gcc -E  conftest.c
configure:15093: $? = 0
configure:15093: result: yes
configure:15093: checking for stddef.h
configure:15093: result: yes
configure:15093: checking for stdlib.h
configure:15093: result: yes
configure:15093: checking for string.h
configure:15093: result: yes
configure:15093: checking sys/time.h usability
configure:15093: gcc -c -g -O2 -Wextra -Wstrict-prototypes -Wmissing-prototypes -Wwrite-strings -Wno-variadic-macros -Wimport -Wfatal-errors -Wformat=2 -Winit-self -Wmissing-include-dirs -Wswitch-default -Wunknown-pragmas  conftest.c >&5
configure:15093: $? = 0
configure:15093: result: yes
configure:15093: checking sys/time.h presence
configure:15093: gcc -E  conftest.c
configure:15093: $? = 0
configure:15093: result: yes
configure:15093: checking for sys/time.h
configure:15093: result: yes
configure:15093: checking for unistd.h
configure:15093: result: yes
configure:15104: checking for stdint types
configure:15127: gcc -c   conftest.c >&5
configure:15127: $? = 0
configure:15171: result: stdint.h (shortcircuit)
configure:15558: result: make use of stdint.h in check_stdint.h (assuming C99 compatible system)
configure:15620: checking for pkg-config
configure:15638: found /usr/bin/pkg-config
configure:15650: result: /usr/bin/pkg-config
configure:15675: checking pkg-config is at least version 0.9.0
configure:15678: result: yes
configure:15689: $PKG_CONFIG --exists --print-errors "libsubunit"
Package libsubunit was not found in the pkg-config search path.
Perhaps you should add the directory containing `libsubunit.pc'
to the PKG_CONFIG_PATH environment variable
No package 'libsubunit' found
configure:15692: $? = 1
configure:15822: checking regex.h usability
configure:15822: gcc -c -g -O2 -Wextra -Wstrict-prototypes -Wmissing-prototypes -Wwrite-strings -Wno-variadic-macros -Wimport -Wfatal-errors -Wformat=2 -Winit-self -Wmissing-include-dirs -Wswitch-default -Wunknown-pragmas  conftest.c >&5
configure:15822: $? = 0
configure:15822: result: yes
configure:15822: checking regex.h presence
configure:15822: gcc -E  conftest.c
configure:15822: $? = 0
configure:15822: result: yes
configure:15822: checking for regex.h
configure:15822: result: yes
configure:15839: checking for regcomp
configure:15839: gcc -o conftest -g -O2 -Wextra -Wstrict-prototypes -Wmissing-prototypes -Wwrite-strings -Wno-variadic-macros -Wimport -Wfatal-errors -Wformat=2 -Winit-self -Wmissing-include-dirs -Wswitch-default -Wunknown-pragmas   conftest.c -lrt -lm  >&5
conftest.c:68:1: warning: function declaration isn't a prototype [-Wstrict-prototypes]
 char regcomp ();
 ^
conftest.c:77:1: warning: function declaration isn't a prototype [-Wstrict-prototypes]
 main ()
 ^
configure:15839: $? = 0
configure:15839: result: yes
configure:15839: checking for regexec
configure:15839: gcc -o conftest -g -O2 -Wextra -Wstrict-prototypes -Wmissing-prototypes -Wwrite-strings -Wno-variadic-macros -Wimport -Wfatal-errors -Wformat=2 -Winit-self -Wmissing-include-dirs -Wswitch-default -Wunknown-pragmas   conftest.c -lrt -lm  >&5
conftest.c:69:1: warning: function declaration isn't a prototype [-Wstrict-prototypes]
 char regexec ();
 ^
conftest.c:78:1: warning: function declaration isn't a prototype [-Wstrict-prototypes]
 main ()
 ^
configure:15839: $? = 0
configure:15839: result: yes
configure:15873: checking for an ANSI C-conforming const
configure:15939: gcc -c -g -O2 -Wextra -Wstrict-prototypes -Wmissing-prototypes -Wwrite-strings -Wno-variadic-macros -Wimport -Wfatal-errors -Wformat=2 -Winit-self -Wmissing-include-dirs -Wswitch-default -Wunknown-pragmas  conftest.c >&5
conftest.c:51:1: warning: function declaration isn't a prototype [-Wstrict-prototypes]
 main ()
 ^
configure:15939: $? = 0
configure:15946: result: yes
configure:15954: checking for pid_t
configure:15954: gcc -c -g -O2 -Wextra -Wstrict-prototypes -Wmissing-prototypes -Wwrite-strings -Wno-variadic-macros -Wimport -Wfatal-errors -Wformat=2 -Winit-self -Wmissing-include-dirs -Wswitch-default -Wunknown-pragmas  conftest.c >&5
conftest.c:83:1: warning: function declaration isn't a prototype [-Wstrict-prototypes]
 main ()
 ^
configure:15954: $? = 0
configure:15954: gcc -c -g -O2 -Wextra -Wstrict-prototypes -Wmissing-prototypes -Wwrite-strings -Wno-variadic-macros -Wimport -Wfatal-errors -Wformat=2 -Winit-self -Wmissing-include-dirs -Wswitch-default -Wunknown-pragmas  conftest.c >&5
conftest.c:83:1: warning: function declaration isn't a prototype [-Wstrict-prototypes]
 main ()
 ^
conftest.c: In function 'main':
conftest.c:85:20: error: expected expression before ')' token
 if (sizeof ((pid_t)))
                    ^
compilation terminated due to -Wfatal-errors.
configure:15954: $? = 1
configure: failed program was:
| /* confdefs.h */
| #define PACKAGE_NAME "Check"
| #define PACKAGE_TARNAME "check"
| #define PACKAGE_VERSION "0.11.0"
| #define PACKAGE_STRING "Check 0.11.0"
| #define PACKAGE_BUGREPORT "check-devel at lists dot sourceforge dot net"
| #define PACKAGE_URL ""
| #define PACKAGE "check"
| #define VERSION "0.11.0"
| #define STDC_HEADERS 1
| #define HAVE_SYS_TYPES_H 1
| #define HAVE_SYS_STAT_H 1
| #define HAVE_STDLIB_H 1
| #define HAVE_STRING_H 1
| #define HAVE_MEMORY_H 1
| #define HAVE_STRINGS_H 1
| #define HAVE_INTTYPES_H 1
| #define HAVE_STDINT_H 1
| #define HAVE_UNISTD_H 1
| #define __EXTENSIONS__ 1
| #define _ALL_SOURCE 1
| #define _GNU_SOURCE 1
| #define _POSIX_PTHREAD_SEMANTICS 1
| #define _TANDEM_SOURCE 1
| #define HAVE_DLFCN_H 1
| #define LT_OBJDIR ".libs/"
| #define HAVE_PTHREAD 1
| #define HAVE_LIBM 1
| #define HAVE_LIBRT 1
| #define HAVE_STRUCT_TIMESPEC_TV_SEC 1
| #define HAVE_STRUCT_TIMESPEC_TV_NSEC 1
| #define HAVE_STRUCT_ITIMERSPEC_IT_INTERVAL 1
| #define HAVE_STRUCT_ITIMERSPEC_IT_VALUE 1
| #define STDC_HEADERS 1
| #define HAVE_SYS_WAIT_H 1
| #define HAVE_FCNTL_H 1
| #define HAVE_STDDEF_H 1
| #define HAVE_STDLIB_H 1
| #define HAVE_STRING_H 1
| #define HAVE_SYS_TIME_H 1
| #define HAVE_UNISTD_H 1
| #define ENABLE_SUBUNIT 0
| #define HAVE_REGEX_H 1
| #define HAVE_REGCOMP 1
| #define HAVE_REGEXEC 1
| #define HAVE_REGEX 1
| #define ENABLE_REGEX 1
| /* end confdefs.h.  */
| #include <stdio.h>
| #ifdef HAVE_SYS_TYPES_H
| # include <sys/types.h>
| #endif
| #ifdef HAVE_SYS_STAT_H
| # include <sys/stat.h>
| #endif
| #ifdef STDC_HEADERS
| # include <stdlib.h>
| # include <stddef.h>
| #else
| # ifdef HAVE_STDLIB_H
| #  include <stdlib.h>
| # endif
| #endif
| #ifdef HAVE_STRING_H
| # if !defined STDC_HEADERS && defined HAVE_MEMORY_H
| #  include <memory.h>
| # endif
| # include <string.h>
| #endif
| #ifdef HAVE_STRINGS_H
| # include <strings.h>
| #endif
| #ifdef HAVE_INTTYPES_H
| # include <inttypes.h>
| #endif
| #ifdef HAVE_STDINT_H
| # include <stdint.h>
| #endif
| #ifdef HAVE_UNISTD_H
| # include <unistd.h>
| #endif
| int
| main ()
| {
| if (sizeof ((pid_t)))
| 	    return 0;
|   ;
|   return 0;
| }
configure:15954: result: yes
configure:15965: checking for size_t
configure:15965: gcc -c -g -O2 -Wextra -Wstrict-prototypes -Wmissing-prototypes -Wwrite-strings -Wno-variadic-macros -Wimport -Wfatal-errors -Wformat=2 -Winit-self -Wmissing-include-dirs -Wswitch-default -Wunknown-pragmas  conftest.c >&5
conftest.c:83:1: warning: function declaration isn't a prototype [-Wstrict-prototypes]
 main ()
 ^
configure:15965: $? = 0
configure:15965: gcc -c -g -O2 -Wextra -Wstrict-prototypes -Wmissing-prototypes -Wwrite-strings -Wno-variadic-macros -Wimport -Wfatal-errors -Wformat=2 -Winit-self -Wmissing-include-dirs -Wswitch-default -Wunknown-pragmas  conftest.c >&5
conftest.c:83:1: warning: function declaration isn't a prototype [-Wstrict-prototypes]
 main ()
 ^
conftest.c: In function 'main':
conftest.c:85:21: error: expected expression before ')' token
 if (sizeof ((size_t)))
                     ^
compilation terminated due to -Wfatal-errors.
configure:15965: $? = 1
configure: failed program was:
| /* confdefs.h */
| #define PACKAGE_NAME "Check"
| #define PACKAGE_TARNAME "check"
| #define PACKAGE_VERSION "0.11.0"
| #define PACKAGE_STRING "Check 0.11.0"
| #define PACKAGE_BUGREPORT "check-devel at lists dot sourceforge dot net"
| #define PACKAGE_URL ""
| #define PACKAGE "check"
| #define VERSION "0.11.0"
| #define STDC_HEADERS 1
| #define HAVE_SYS_TYPES_H 1
| #define HAVE_SYS_STAT_H 1
| #define HAVE_STDLIB_H 1
| #define HAVE_STRING_H 1
| #define HAVE_MEMORY_H 1
| #define HAVE_STRINGS_H 1
| #define HAVE_INTTYPES_H 1
| #define HAVE_STDINT_H 1
| #define HAVE_UNISTD_H 1
| #define __EXTENSIONS__ 1
| #define _ALL_SOURCE 1
| #define _GNU_SOURCE 1
| #define _POSIX_PTHREAD_SEMANTICS 1
| #define _TANDEM_SOURCE 1
| #define HAVE_DLFCN_H 1
| #define LT_OBJDIR ".libs/"
| #define HAVE_PTHREAD 1
| #define HAVE_LIBM 1
| #define HAVE_LIBRT 1
| #define HAVE_STRUCT_TIMESPEC_TV_SEC 1
| #define HAVE_STRUCT_TIMESPEC_TV_NSEC 1
| #define HAVE_STRUCT_ITIMERSPEC_IT_INTERVAL 1
| #define HAVE_STRUCT_ITIMERSPEC_IT_VALUE 1
| #define STDC_HEADERS 1
| #define HAVE_SYS_WAIT_H 1
| #define HAVE_FCNTL_H 1
| #define HAVE_STDDEF_H 1
| #define HAVE_STDLIB_H 1
| #define HAVE_STRING_H 1
| #define HAVE_SYS_TIME_H 1
| #define HAVE_UNISTD_H 1
| #define ENABLE_SUBUNIT 0
| #define HAVE_REGEX_H 1
| #define HAVE_REGCOMP 1
| #define HAVE_REGEXEC 1
| #define HAVE_REGEX 1
| #define ENABLE_REGEX 1
| /* end confdefs.h.  */
| #include <stdio.h>
| #ifdef HAVE_SYS_TYPES_H
| # include <sys/types.h>
| #endif
| #ifdef HAVE_SYS_STAT_H
| # include <sys/stat.h>
| #endif
| #ifdef STDC_HEADERS
| # include <stdlib.h>
| # include <stddef.h>
| #else
| # ifdef HAVE_STDLIB_H
| #  include <stdlib.h>
| # endif
| #endif
| #ifdef HAVE_STRING_H
| # if !defined STDC_HEADERS && defined HAVE_MEMORY_H
| #  include <memory.h>
| # endif
| # include <string.h>
| #endif
| #ifdef HAVE_STRINGS_H
| # include <strings.h>
| #endif
| #ifdef HAVE_INTTYPES_H
| # include <inttypes.h>
| #endif
| #ifdef HAVE_STDINT_H
| # include <stdint.h>
| #endif
| #ifdef HAVE_UNISTD_H
| # include <unistd.h>
| #endif
| int
| main ()
| {
| if (sizeof ((size_t)))
| 	    return 0;
|   ;
|   return 0;
| }
configure:15965: result: yes
configure:15977: checking for unsigned long long int
configure:16016: gcc -o conftest -g -O2 -Wextra -Wstrict-prototypes -Wmissing-prototypes -Wwrite-strings -Wno-variadic-macros -Wimport -Wfatal-errors -Wformat=2 -Winit-self -Wmissing-include-dirs -Wswitch-default -Wunknown-pragmas   conftest.c -lrt -lm  >&5
conftest.c:65:1: warning: function declaration isn't a prototype [-Wstrict-prototypes]
 main ()
 ^
configure:16016: $? = 0
configure:16025: result: yes
configure:16035: checking for long long int
configure:16073: gcc -o conftest -g -O2 -Wextra -Wstrict-prototypes -Wmissing-prototypes -Wwrite-strings -Wno-variadic-macros -Wimport -Wfatal-errors -Wformat=2 -Winit-self -Wmissing-include-dirs -Wswitch-default -Wunknown-pragmas   conftest.c -lrt -lm  >&5
conftest.c:56:1: warning: function declaration isn't a prototype [-Wstrict-prototypes]
 main ()
 ^
configure:16073: $? = 0
configure:16073: ./conftest
configure:16073: $? = 0
configure:16085: result: yes
configure:16095: checking for intmax_t
configure:16095: gcc -c -g -O2 -Wextra -Wstrict-prototypes -Wmissing-prototypes -Wwrite-strings -Wno-variadic-macros -Wimport -Wfatal-errors -Wformat=2 -Winit-self -Wmissing-include-dirs -Wswitch-default -Wunknown-pragmas  conftest.c >&5
conftest.c:85:1: warning: function declaration isn't a prototype [-Wstrict-prototypes]
 main ()
 ^
configure:16095: $? = 0
configure:16095: gcc -c -g -O2 -Wextra -Wstrict-prototypes -Wmissing-prototypes -Wwrite-strings -Wno-variadic-macros -Wimport -Wfatal-errors -Wformat=2 -Winit-self -Wmissing-include-dirs -Wswitch-default -Wunknown-pragmas  conftest.c >&5
conftest.c:85:1: warning: function declaration isn't a prototype [-Wstrict-prototypes]
 main ()
 ^
conftest.c: In function 'main':
conftest.c:87:23: error: expected expression before ')' token
 if (sizeof ((intmax_t)))
                       ^
compilation terminated due to -Wfatal-errors.
configure:16095: $? = 1
configure: failed program was:
| /* confdefs.h */
| #define PACKAGE_NAME "Check"
| #define PACKAGE_TARNAME "check"
| #define PACKAGE_VERSION "0.11.0"
| #define PACKAGE_STRING "Check 0.11.0"
| #define PACKAGE_BUGREPORT "check-devel at lists dot sourceforge dot net"
| #define PACKAGE_URL ""
| #define PACKAGE "check"
| #define VERSION "0.11.0"
| #define STDC_HEADERS 1
| #define HAVE_SYS_TYPES_H 1
| #define HAVE_SYS_STAT_H 1
| #define HAVE_STDLIB_H 1
| #define HAVE_STRING_H 1
| #define HAVE_MEMORY_H 1
| #define HAVE_STRINGS_H 1
| #define HAVE_INTTYPES_H 1
| #define HAVE_STDINT_H 1
| #define HAVE_UNISTD_H 1
| #define __EXTENSIONS__ 1
| #define _ALL_SOURCE 1
| #define _GNU_SOURCE 1
| #define _POSIX_PTHREAD_SEMANTICS 1
| #define _TANDEM_SOURCE 1
| #define HAVE_DLFCN_H 1
| #define LT_OBJDIR ".libs/"
| #define HAVE_PTHREAD 1
| #define HAVE_LIBM 1
| #define HAVE_LIBRT 1
| #define HAVE_STRUCT_TIMESPEC_TV_SEC 1
| #define HAVE_STRUCT_TIMESPEC_TV_NSEC 1
| #define HAVE_STRUCT_ITIMERSPEC_IT_INTERVAL 1
| #define HAVE_STRUCT_ITIMERSPEC_IT_VALUE 1
| #define STDC_HEADERS 1
| #define HAVE_SYS_WAIT_H 1
| #define HAVE_FCNTL_H 1
| #define HAVE_STDDEF_H 1
| #define HAVE_STDLIB_H 1
| #define HAVE_STRING_H 1
| #define HAVE_SYS_TIME_H 1
| #define HAVE_UNISTD_H 1
| #define ENABLE_SUBUNIT 0
| #define HAVE_REGEX_H 1
| #define HAVE_REGCOMP 1
| #define HAVE_REGEXEC 1
| #define HAVE_REGEX 1
| #define ENABLE_REGEX 1
| #define HAVE_UNSIGNED_LONG_LONG_INT 1
| #define HAVE_LONG_LONG_INT 1
| /* end confdefs.h.  */
| #include <stdio.h>
| #ifdef HAVE_SYS_TYPES_H
| # include <sys/types.h>
| #endif
| #ifdef HAVE_SYS_STAT_H
| # include <sys/stat.h>
| #endif
| #ifdef STDC_HEADERS
| # include <stdlib.h>
| # include <stddef.h>
| #else
| # ifdef HAVE_STDLIB_H
| #  include <stdlib.h>
| # endif
| #endif
| #ifdef HAVE_STRING_H
| # if !defined STDC_HEADERS && defined HAVE_MEMORY_H
| #  include <memory.h>
| # endif
| # include <string.h>
| #endif
| #ifdef HAVE_STRINGS_H
| # include <strings.h>
| #endif
| #ifdef HAVE_INTTYPES_H
| # include <inttypes.h>
| #endif
| #ifdef HAVE_STDINT_H
| # include <stdint.h>
| #endif
| #ifdef HAVE_UNISTD_H
| # include <unistd.h>
| #endif
| int
| main ()
| {
| if (sizeof ((intmax_t)))
| 	    return 0;
|   ;
|   return 0;
| }
configure:16095: result: yes
configure:16114: checking for uintmax_t
configure:16114: gcc -c -g -O2 -Wextra -Wstrict-prototypes -Wmissing-prototypes -Wwrite-strings -Wno-variadic-macros -Wimport -Wfatal-errors -Wformat=2 -Winit-self -Wmissing-include-dirs -Wswitch-default -Wunknown-pragmas  conftest.c >&5
conftest.c:86:1: warning: function declaration isn't a prototype [-Wstrict-prototypes]
 main ()
 ^
configure:16114: $? = 0
configure:16114: gcc -c -g -O2 -Wextra -Wstrict-prototypes -Wmissing-prototypes -Wwrite-strings -Wno-variadic-macros -Wimport -Wfatal-errors -Wformat=2 -Winit-self -Wmissing-include-dirs -Wswitch-default -Wunknown-pragmas  conftest.c >&5
conftest.c:86:1: warning: function declaration isn't a prototype [-Wstrict-prototypes]
 main ()
 ^
conftest.c: In function 'main':
conftest.c:88:24: error: expected expression before ')' token
 if (sizeof ((uintmax_t)))
                        ^
compilation terminated due to -Wfatal-errors.
configure:16114: $? = 1
configure: failed program was:
| /* confdefs.h */
| #define PACKAGE_NAME "Check"
| #define PACKAGE_TARNAME "check"
| #define PACKAGE_VERSION "0.11.0"
| #define PACKAGE_STRING "Check 0.11.0"
| #define PACKAGE_BUGREPORT "check-devel at lists dot sourceforge dot net"
| #define PACKAGE_URL ""
| #define PACKAGE "check"
| #define VERSION "0.11.0"
| #define STDC_HEADERS 1
| #define HAVE_SYS_TYPES_H 1
| #define HAVE_SYS_STAT_H 1
| #define HAVE_STDLIB_H 1
| #define HAVE_STRING_H 1
| #define HAVE_MEMORY_H 1
| #define HAVE_STRINGS_H 1
| #define HAVE_INTTYPES_H 1
| #define HAVE_STDINT_H 1
| #define HAVE_UNISTD_H 1
| #define __EXTENSIONS__ 1
| #define _ALL_SOURCE 1
| #define _GNU_SOURCE 1
| #define _POSIX_PTHREAD_SEMANTICS 1
| #define _TANDEM_SOURCE 1
| #define HAVE_DLFCN_H 1
| #define LT_OBJDIR ".libs/"
| #define HAVE_PTHREAD 1
| #define HAVE_LIBM 1
| #define HAVE_LIBRT 1
| #define HAVE_STRUCT_TIMESPEC_TV_SEC 1
| #define HAVE_STRUCT_TIMESPEC_TV_NSEC 1
| #define HAVE_STRUCT_ITIMERSPEC_IT_INTERVAL 1
| #define HAVE_STRUCT_ITIMERSPEC_IT_VALUE 1
| #define STDC_HEADERS 1
| #define HAVE_SYS_WAIT_H 1
| #define HAVE_FCNTL_H 1
| #define HAVE_STDDEF_H 1
| #define HAVE_STDLIB_H 1
| #define HAVE_STRING_H 1
| #define HAVE_SYS_TIME_H 1
| #define HAVE_UNISTD_H 1
| #define ENABLE_SUBUNIT 0
| #define HAVE_REGEX_H 1
| #define HAVE_REGCOMP 1
| #define HAVE_REGEXEC 1
| #define HAVE_REGEX 1
| #define ENABLE_REGEX 1
| #define HAVE_UNSIGNED_LONG_LONG_INT 1
| #define HAVE_LONG_LONG_INT 1
| #define HAVE_INTMAX_T 1
| /* end confdefs.h.  */
| #include <stdio.h>
| #ifdef HAVE_SYS_TYPES_H
| # include <sys/types.h>
| #endif
| #ifdef HAVE_SYS_STAT_H
| # include <sys/stat.h>
| #endif
| #ifdef STDC_HEADERS
| # include <stdlib.h>
| # include <stddef.h>
| #else
| # ifdef HAVE_STDLIB_H
| #  include <stdlib.h>
| # endif
| #endif
| #ifdef HAVE_STRING_H
| # if !defined STDC_HEADERS && defined HAVE_MEMORY_H
| #  include <memory.h>
| # endif
| # include <string.h>
| #endif
| #ifdef HAVE_STRINGS_H
| # include <strings.h>
| #endif
| #ifdef HAVE_INTTYPES_H
| # include <inttypes.h>
| #endif
| #ifdef HAVE_STDINT_H
| # include <stdint.h>
| #endif
| #ifdef HAVE_UNISTD_H
| # include <unistd.h>
| #endif
| int
| main ()
| {
| if (sizeof ((uintmax_t)))
| 	    return 0;
|   ;
|   return 0;
| }
configure:16114: result: yes
configure:16131: checking for uint32_t
configure:16131: gcc -c -g -O2 -Wextra -Wstrict-prototypes -Wmissing-prototypes -Wwrite-strings -Wno-variadic-macros -Wimport -Wfatal-errors -Wformat=2 -Winit-self -Wmissing-include-dirs -Wswitch-default -Wunknown-pragmas  conftest.c >&5
conftest.c:87:1: warning: function declaration isn't a prototype [-Wstrict-prototypes]
 main ()
 ^
configure:16131: $? = 0
configure:16131: result: yes
configure:16145: checking whether time.h and sys/time.h may both be included
configure:16165: gcc -c -g -O2 -Wextra -Wstrict-prototypes -Wmissing-prototypes -Wwrite-strings -Wno-variadic-macros -Wimport -Wfatal-errors -Wformat=2 -Winit-self -Wmissing-include-dirs -Wswitch-default -Wunknown-pragmas  conftest.c >&5
conftest.c:58:1: warning: function declaration isn't a prototype [-Wstrict-prototypes]
 main ()
 ^
configure:16165: $? = 0
configure:16172: result: yes
configure:16180: checking whether struct tm is in sys/time.h or time.h
configure:16200: gcc -c -g -O2 -Wextra -Wstrict-prototypes -Wmissing-prototypes -Wwrite-strings -Wno-variadic-macros -Wimport -Wfatal-errors -Wformat=2 -Winit-self -Wmissing-include-dirs -Wswitch-default -Wunknown-pragmas  conftest.c >&5
conftest.c:58:1: warning: function declaration isn't a prototype [-Wstrict-prototypes]
 main ()
 ^
configure:16200: $? = 0
configure:16207: result: time.h
configure:16220: checking size of int
configure:16225: gcc -o conftest -g -O2 -Wextra -Wstrict-prototypes -Wmissing-prototypes -Wwrite-strings -Wno-variadic-macros -Wimport -Wfatal-errors -Wformat=2 -Winit-self -Wmissing-include-dirs -Wswitch-default -Wunknown-pragmas   conftest.c -lrt -lm  >&5
conftest.c:87:17: warning: function declaration isn't a prototype [-Wstrict-prototypes]
 static long int longval () { return (long int) (sizeof (int)); }
                 ^
conftest.c:88:26: warning: function declaration isn't a prototype [-Wstrict-prototypes]
 static unsigned long int ulongval () { return (long int) (sizeof (int)); }
                          ^
conftest.c:92:1: warning: function declaration isn't a prototype [-Wstrict-prototypes]
 main ()
 ^
configure:16225: $? = 0
configure:16225: ./conftest
configure:16225: $? = 0
configure:16239: result: 4
configure:16253: checking size of short
configure:16258: gcc -o conftest -g -O2 -Wextra -Wstrict-prototypes -Wmissing-prototypes -Wwrite-strings -Wno-variadic-macros -Wimport -Wfatal-errors -Wformat=2 -Winit-self -Wmissing-include-dirs -Wswitch-default -Wunknown-pragmas   conftest.c -lrt -lm  >&5
conftest.c:88:17: warning: function declaration isn't a prototype [-Wstrict-prototypes]
 static long int longval () { return (long int) (sizeof (short)); }
                 ^
conftest.c:89:26: warning: function declaration isn't a prototype [-Wstrict-prototypes]
 static unsigned long int ulongval () { return (long int) (sizeof (short)); }
                          ^
conftest.c:93:1: warning: function declaration isn't a prototype [-Wstrict-prototypes]
 main ()
 ^
configure:16258: $? = 0
configure:16258: ./conftest
configure:16258: $? = 0
configure:16272: result: 2
configure:16286: checking size of long
configure:16291: gcc -o conftest -g -O2 -Wextra -Wstrict-prototypes -Wmissing-prototypes -Wwrite-strings -Wno-variadic-macros -Wimport -Wfatal-errors -Wformat=2 -Winit-self -Wmissing-include-dirs -Wswitch-default -Wunknown-pragmas   conftest.c -lrt -lm  >&5
conftest.c:89:17: warning: function declaration isn't a prototype [-Wstrict-prototypes]
 static long int longval () { return (long int) (sizeof (long)); }
                 ^
conftest.c:90:26: warning: function declaration isn't a prototype [-Wstrict-prototypes]
 static unsigned long int ulongval () { return (long int) (sizeof (long)); }
                          ^
conftest.c:94:1: warning: function declaration isn't a prototype [-Wstrict-prototypes]
 main ()
 ^
configure:16291: $? = 0
configure:16291: ./conftest
configure:16291: $? = 0
configure:16305: result: 8
configure:16321: checking for clockid_t
configure:16321: gcc -c -g -O2 -Wextra -Wstrict-prototypes -Wmissing-prototypes -Wwrite-strings -Wno-variadic-macros -Wimport -Wfatal-errors -Wformat=2 -Winit-self -Wmissing-include-dirs -Wswitch-default -Wunknown-pragmas  conftest.c >&5
conftest.c:97:1: warning: function declaration isn't a prototype [-Wstrict-prototypes]
 main ()
 ^
configure:16321: $? = 0
configure:16321: gcc -c -g -O2 -Wextra -Wstrict-prototypes -Wmissing-prototypes -Wwrite-strings -Wno-variadic-macros -Wimport -Wfatal-errors -Wformat=2 -Winit-self -Wmissing-include-dirs -Wswitch-default -Wunknown-pragmas  conftest.c >&5
conftest.c:97:1: warning: function declaration isn't a prototype [-Wstrict-prototypes]
 main ()
 ^
conftest.c: In function 'main':
conftest.c:99:24: error: expected expression before ')' token
 if (sizeof ((clockid_t)))
                        ^
compilation terminated due to -Wfatal-errors.
configure:16321: $? = 1
configure: failed program was:
| /* confdefs.h */
| #define PACKAGE_NAME "Check"
| #define PACKAGE_TARNAME "check"
| #define PACKAGE_VERSION "0.11.0"
| #define PACKAGE_STRING "Check 0.11.0"
| #define PACKAGE_BUGREPORT "check-devel at lists dot sourceforge dot net"
| #define PACKAGE_URL ""
| #define PACKAGE "check"
| #define VERSION "0.11.0"
| #define STDC_HEADERS 1
| #define HAVE_SYS_TYPES_H 1
| #define HAVE_SYS_STAT_H 1
| #define HAVE_STDLIB_H 1
| #define HAVE_STRING_H 1
| #define HAVE_MEMORY_H 1
| #define HAVE_STRINGS_H 1
| #define HAVE_INTTYPES_H 1
| #define HAVE_STDINT_H 1
| #define HAVE_UNISTD_H 1
| #define __EXTENSIONS__ 1
| #define _ALL_SOURCE 1
| #define _GNU_SOURCE 1
| #define _POSIX_PTHREAD_SEMANTICS 1
| #define _TANDEM_SOURCE 1
| #define HAVE_DLFCN_H 1
| #define LT_OBJDIR ".libs/"
| #define HAVE_PTHREAD 1
| #define HAVE_LIBM 1
| #define HAVE_LIBRT 1
| #define HAVE_STRUCT_TIMESPEC_TV_SEC 1
| #define HAVE_STRUCT_TIMESPEC_TV_NSEC 1
| #define HAVE_STRUCT_ITIMERSPEC_IT_INTERVAL 1
| #define HAVE_STRUCT_ITIMERSPEC_IT_VALUE 1
| #define STDC_HEADERS 1
| #define HAVE_SYS_WAIT_H 1
| #define HAVE_FCNTL_H 1
| #define HAVE_STDDEF_H 1
| #define HAVE_STDLIB_H 1
| #define HAVE_STRING_H 1
| #define HAVE_SYS_TIME_H 1
| #define HAVE_UNISTD_H 1
| #define ENABLE_SUBUNIT 0
| #define HAVE_REGEX_H 1
| #define HAVE_REGCOMP 1
| #define HAVE_REGEXEC 1
| #define HAVE_REGEX 1
| #define ENABLE_REGEX 1
| #define HAVE_UNSIGNED_LONG_LONG_INT 1
| #define HAVE_LONG_LONG_INT 1
| #define HAVE_INTMAX_T 1
| #define HAVE_UINTMAX_T 1
| #define TIME_WITH_SYS_TIME 1
| #define SIZEOF_INT 4
| #define SIZEOF_SHORT 2
| #define SIZEOF_LONG 8
| /* end confdefs.h.  */
| 
| #include <stdio.h>
| #ifdef HAVE_SYS_TYPES_H
| # include <sys/types.h>
| #endif
| #ifdef HAVE_SYS_STAT_H
| # include <sys/stat.h>
| #endif
| #ifdef STDC_HEADERS
| # include <stdlib.h>
| # include <stddef.h>
| #else
| # ifdef HAVE_STDLIB_H
| #  include <stdlib.h>
| # endif
| #endif
| #ifdef HAVE_STRING_H
| # if !defined STDC_HEADERS && defined HAVE_MEMORY_H
| #  include <memory.h>
| # endif
| # include <string.h>
| #endif
| #ifdef HAVE_STRINGS_H
| # include <strings.h>
| #endif
| #ifdef HAVE_INTTYPES_H
| # include <inttypes.h>
| #endif
| #ifdef HAVE_STDINT_H
| # include <stdint.h>
| #endif
| #ifdef HAVE_UNISTD_H
| # include <unistd.h>
| #endif
| #if defined(HAVE_PTHREAD)
| #include <pthread.h>
| #endif /* HAVE_PTHREAD */
| 
| 
| int
| main ()
| {
| if (sizeof ((clockid_t)))
| 	    return 0;
|   ;
|   return 0;
| }
configure:16321: result: yes
configure:16336: checking for timer_t
configure:16336: gcc -c -g -O2 -Wextra -Wstrict-prototypes -Wmissing-prototypes -Wwrite-strings -Wno-variadic-macros -Wimport -Wfatal-errors -Wformat=2 -Winit-self -Wmissing-include-dirs -Wswitch-default -Wunknown-pragmas  conftest.c >&5
conftest.c:97:1: warning: function declaration isn't a prototype [-Wstrict-prototypes]
 main ()
 ^
configure:16336: $? = 0
configure:16336: gcc -c -g -O2 -Wextra -Wstrict-prototypes -Wmissing-prototypes -Wwrite-strings -Wno-variadic-macros -Wimport -Wfatal-errors -Wformat=2 -Winit-self -Wmissing-include-dirs -Wswitch-default -Wunknown-pragmas  conftest.c >&5
conftest.c:97:1: warning: function declaration isn't a prototype [-Wstrict-prototypes]
 main ()
 ^
conftest.c: In function 'main':
conftest.c:99:22: error: expected expression before ')' token
 if (sizeof ((timer_t)))
                      ^
compilation terminated due to -Wfatal-errors.
configure:16336: $? = 1
configure: failed program was:
| /* confdefs.h */
| #define PACKAGE_NAME "Check"
| #define PACKAGE_TARNAME "check"
| #define PACKAGE_VERSION "0.11.0"
| #define PACKAGE_STRING "Check 0.11.0"
| #define PACKAGE_BUGREPORT "check-devel at lists dot sourceforge dot net"
| #define PACKAGE_URL ""
| #define PACKAGE "check"
| #define VERSION "0.11.0"
| #define STDC_HEADERS 1
| #define HAVE_SYS_TYPES_H 1
| #define HAVE_SYS_STAT_H 1
| #define HAVE_STDLIB_H 1
| #define HAVE_STRING_H 1
| #define HAVE_MEMORY_H 1
| #define HAVE_STRINGS_H 1
| #define HAVE_INTTYPES_H 1
| #define HAVE_STDINT_H 1
| #define HAVE_UNISTD_H 1
| #define __EXTENSIONS__ 1
| #define _ALL_SOURCE 1
| #define _GNU_SOURCE 1
| #define _POSIX_PTHREAD_SEMANTICS 1
| #define _TANDEM_SOURCE 1
| #define HAVE_DLFCN_H 1
| #define LT_OBJDIR ".libs/"
| #define HAVE_PTHREAD 1
| #define HAVE_LIBM 1
| #define HAVE_LIBRT 1
| #define HAVE_STRUCT_TIMESPEC_TV_SEC 1
| #define HAVE_STRUCT_TIMESPEC_TV_NSEC 1
| #define HAVE_STRUCT_ITIMERSPEC_IT_INTERVAL 1
| #define HAVE_STRUCT_ITIMERSPEC_IT_VALUE 1
| #define STDC_HEADERS 1
| #define HAVE_SYS_WAIT_H 1
| #define HAVE_FCNTL_H 1
| #define HAVE_STDDEF_H 1
| #define HAVE_STDLIB_H 1
| #define HAVE_STRING_H 1
| #define HAVE_SYS_TIME_H 1
| #define HAVE_UNISTD_H 1
| #define ENABLE_SUBUNIT 0
| #define HAVE_REGEX_H 1
| #define HAVE_REGCOMP 1
| #define HAVE_REGEXEC 1
| #define HAVE_REGEX 1
| #define ENABLE_REGEX 1
| #define HAVE_UNSIGNED_LONG_LONG_INT 1
| #define HAVE_LONG_LONG_INT 1
| #define HAVE_INTMAX_T 1
| #define HAVE_UINTMAX_T 1
| #define TIME_WITH_SYS_TIME 1
| #define SIZEOF_INT 4
| #define SIZEOF_SHORT 2
| #define SIZEOF_LONG 8
| /* end confdefs.h.  */
| 
| #include <stdio.h>
| #ifdef HAVE_SYS_TYPES_H
| # include <sys/types.h>
| #endif
| #ifdef HAVE_SYS_STAT_H
| # include <sys/stat.h>
| #endif
| #ifdef STDC_HEADERS
| # include <stdlib.h>
| # include <stddef.h>
| #else
| # ifdef HAVE_STDLIB_H
| #  include <stdlib.h>
| # endif
| #endif
| #ifdef HAVE_STRING_H
| # if !defined STDC_HEADERS && defined HAVE_MEMORY_H
| #  include <memory.h>
| # endif
| # include <string.h>
| #endif
| #ifdef HAVE_STRINGS_H
| # include <strings.h>
| #endif
| #ifdef HAVE_INTTYPES_H
| # include <inttypes.h>
| #endif
| #ifdef HAVE_STDINT_H
| # include <stdint.h>
| #endif
| #ifdef HAVE_UNISTD_H
| # include <unistd.h>
| #endif
| #if defined(HAVE_PTHREAD)
| #include <pthread.h>
| #endif /* HAVE_PTHREAD */
| 
| 
| int
| main ()
| {
| if (sizeof ((timer_t)))
| 	    return 0;
|   ;
|   return 0;
| }
configure:16336: result: yes
configure:16355: checking for stdlib.h
configure:16355: result: yes
configure:16365: checking for GNU libc compatible malloc
configure:16389: gcc -o conftest -g -O2 -Wextra -Wstrict-prototypes -Wmissing-prototypes -Wwrite-strings -Wno-variadic-macros -Wimport -Wfatal-errors -Wformat=2 -Winit-self -Wmissing-include-dirs -Wswitch-default -Wunknown-pragmas   conftest.c -lrt -lm  >&5
conftest.c:65:1: warning: function declaration isn't a prototype [-Wstrict-prototypes]
 main ()
 ^
configure:16389: $? = 0
configure:16389: ./conftest
configure:16389: $? = 0
configure:16399: result: yes
configure:16422: checking for stdlib.h
configure:16422: result: yes
configure:16432: checking for GNU libc compatible realloc
configure:16456: gcc -o conftest -g -O2 -Wextra -Wstrict-prototypes -Wmissing-prototypes -Wwrite-strings -Wno-variadic-macros -Wimport -Wfatal-errors -Wformat=2 -Winit-self -Wmissing-include-dirs -Wswitch-default -Wunknown-pragmas   conftest.c -lrt -lm  >&5
conftest.c:67:1: warning: function declaration isn't a prototype [-Wstrict-prototypes]
 main ()
 ^
configure:16456: $? = 0
configure:16456: ./conftest
configure:16456: $? = 0
configure:16466: result: yes
configure:16497: checking for time.h
configure:16497: gcc -c -g -O2 -Wextra -Wstrict-prototypes -Wmissing-prototypes -Wwrite-strings -Wno-variadic-macros -Wimport -Wfatal-errors -Wformat=2 -Winit-self -Wmissing-include-dirs -Wswitch-default -Wunknown-pragmas  conftest.c >&5
configure:16497: $? = 0
configure:16497: result: yes
configure:16497: checking for stdarg.h
configure:16497: gcc -c -g -O2 -Wextra -Wstrict-prototypes -Wmissing-prototypes -Wwrite-strings -Wno-variadic-macros -Wimport -Wfatal-errors -Wformat=2 -Winit-self -Wmissing-include-dirs -Wswitch-default -Wunknown-pragmas  conftest.c >&5
configure:16497: $? = 0
configure:16497: result: yes
configure:16516: checking for timer_create
configure:16516: gcc -o conftest -g -O2 -Wextra -Wstrict-prototypes -Wmissing-prototypes -Wwrite-strings -Wno-variadic-macros -Wimport -Wfatal-errors -Wformat=2 -Winit-self -Wmissing-include-dirs -Wswitch-default -Wunknown-pragmas   conftest.c -lrt -lm  >&5
conftest.c:86:1: warning: function declaration isn't a prototype [-Wstrict-prototypes]
 char timer_create ();
 ^
conftest.c:95:1: warning: function declaration isn't a prototype [-Wstrict-prototypes]
 main ()
 ^
configure:16516: $? = 0
configure:16516: result: yes
configure:16524: checking if timer_create is supported on the system
configure:16562: gcc -o conftest -g -O2 -Wextra -Wstrict-prototypes -Wmissing-prototypes -Wwrite-strings -Wno-variadic-macros -Wimport -Wfatal-errors -Wformat=2 -Winit-self -Wmissing-include-dirs -Wswitch-default -Wunknown-pragmas   conftest.c -lrt -lm  >&5
conftest.c:67:17: warning: function declaration isn't a prototype [-Wstrict-prototypes]
      static int test_timer_create()
                 ^
conftest.c:84:1: warning: function declaration isn't a prototype [-Wstrict-prototypes]
 main ()
 ^
configure:16562: $? = 0
configure:16562: ./conftest
configure:16562: $? = 0
configure:16572: result: yes
configure:16687: checking for alarm
configure:16687: gcc -o conftest -g -O2 -Wextra -Wstrict-prototypes -Wmissing-prototypes -Wwrite-strings -Wno-variadic-macros -Wimport -Wfatal-errors -Wformat=2 -Winit-self -Wmissing-include-dirs -Wswitch-default -Wunknown-pragmas   conftest.c -lrt -lm  >&5
conftest.c:86:1: warning: function declaration isn't a prototype [-Wstrict-prototypes]
 char alarm ();
 ^
conftest.c:95:1: warning: function declaration isn't a prototype [-Wstrict-prototypes]
 main ()
 ^
configure:16687: $? = 0
configure:16687: result: yes
configure:16700: checking for clock_gettime
configure:16700: gcc -o conftest -g -O2 -Wextra -Wstrict-prototypes -Wmissing-prototypes -Wwrite-strings -Wno-variadic-macros -Wimport -Wfatal-errors -Wformat=2 -Winit-self -Wmissing-include-dirs -Wswitch-default -Wunknown-pragmas   conftest.c -lrt -lm  >&5
conftest.c:87:1: warning: function declaration isn't a prototype [-Wstrict-prototypes]
 char clock_gettime ();
 ^
conftest.c:96:1: warning: function declaration isn't a prototype [-Wstrict-prototypes]
 main ()
 ^
configure:16700: $? = 0
configure:16700: result: yes
configure:16713: checking for getline
configure:16713: gcc -o conftest -g -O2 -Wextra -Wstrict-prototypes -Wmissing-prototypes -Wwrite-strings -Wno-variadic-macros -Wimport -Wfatal-errors -Wformat=2 -Winit-self -Wmissing-include-dirs -Wswitch-default -Wunknown-pragmas   conftest.c -lrt -lm  >&5
conftest.c:88:1: warning: function declaration isn't a prototype [-Wstrict-prototypes]
 char getline ();
 ^
conftest.c:97:1: warning: function declaration isn't a prototype [-Wstrict-prototypes]
 main ()
 ^
configure:16713: $? = 0
configure:16713: result: yes
configure:16726: checking for gettimeofday
configure:16726: gcc -o conftest -g -O2 -Wextra -Wstrict-prototypes -Wmissing-prototypes -Wwrite-strings -Wno-variadic-macros -Wimport -Wfatal-errors -Wformat=2 -Winit-self -Wmissing-include-dirs -Wswitch-default -Wunknown-pragmas   conftest.c -lrt -lm  >&5
conftest.c:89:1: warning: function declaration isn't a prototype [-Wstrict-prototypes]
 char gettimeofday ();
 ^
conftest.c:98:1: warning: function declaration isn't a prototype [-Wstrict-prototypes]
 main ()
 ^
configure:16726: $? = 0
configure:16726: result: yes
configure:16739: checking for localtime_r
configure:16739: gcc -o conftest -g -O2 -Wextra -Wstrict-prototypes -Wmissing-prototypes -Wwrite-strings -Wno-variadic-macros -Wimport -Wfatal-errors -Wformat=2 -Winit-self -Wmissing-include-dirs -Wswitch-default -Wunknown-pragmas   conftest.c -lrt -lm  >&5
conftest.c:90:1: warning: function declaration isn't a prototype [-Wstrict-prototypes]
 char localtime_r ();
 ^
conftest.c:99:1: warning: function declaration isn't a prototype [-Wstrict-prototypes]
 main ()
 ^
configure:16739: $? = 0
configure:16739: result: yes
configure:16752: checking for strdup
configure:16752: gcc -o conftest -g -O2 -Wextra -Wstrict-prototypes -Wmissing-prototypes -Wwrite-strings -Wno-variadic-macros -Wimport -Wfatal-errors -Wformat=2 -Winit-self -Wmissing-include-dirs -Wswitch-default -Wunknown-pragmas   conftest.c -lrt -lm  >&5
conftest.c:91:1: warning: function declaration isn't a prototype [-Wstrict-prototypes]
 char strdup ();
 ^
conftest.c:91:6: warning: conflicting types for built-in function 'strdup' [enabled by default]
 char strdup ();
      ^
conftest.c:100:1: warning: function declaration isn't a prototype [-Wstrict-prototypes]
 main ()
 ^
configure:16752: $? = 0
configure:16752: result: yes
configure:16765: checking for strsignal
configure:16765: gcc -o conftest -g -O2 -Wextra -Wstrict-prototypes -Wmissing-prototypes -Wwrite-strings -Wno-variadic-macros -Wimport -Wfatal-errors -Wformat=2 -Winit-self -Wmissing-include-dirs -Wswitch-default -Wunknown-pragmas   conftest.c -lrt -lm  >&5
conftest.c:92:1: warning: function declaration isn't a prototype [-Wstrict-prototypes]
 char strsignal ();
 ^
conftest.c:101:1: warning: function declaration isn't a prototype [-Wstrict-prototypes]
 main ()
 ^
configure:16765: $? = 0
configure:16765: result: yes
configure:16779: checking whether alarm is declared
configure:16779: gcc -c -g -O2 -Wextra -Wstrict-prototypes -Wmissing-prototypes -Wwrite-strings -Wno-variadic-macros -Wimport -Wfatal-errors -Wformat=2 -Winit-self -Wmissing-include-dirs -Wswitch-default -Wunknown-pragmas  conftest.c >&5
conftest.c:104:1: warning: function declaration isn't a prototype [-Wstrict-prototypes]
 main ()
 ^
configure:16779: $? = 0
configure:16779: result: yes
configure:16789: checking whether clock_gettime is declared
configure:16789: gcc -c -g -O2 -Wextra -Wstrict-prototypes -Wmissing-prototypes -Wwrite-strings -Wno-variadic-macros -Wimport -Wfatal-errors -Wformat=2 -Winit-self -Wmissing-include-dirs -Wswitch-default -Wunknown-pragmas  conftest.c >&5
conftest.c:105:1: warning: function declaration isn't a prototype [-Wstrict-prototypes]
 main ()
 ^
conftest.c: In function 'main':
conftest.c:111:10: error: 'clock_gettime' undeclared (first use in this function)
   (void) clock_gettime;
          ^
compilation terminated due to -Wfatal-errors.
configure:16789: $? = 1
configure: failed program was:
| /* confdefs.h */
| #define PACKAGE_NAME "Check"
| #define PACKAGE_TARNAME "check"
| #define PACKAGE_VERSION "0.11.0"
| #define PACKAGE_STRING "Check 0.11.0"
| #define PACKAGE_BUGREPORT "check-devel at lists dot sourceforge dot net"
| #define PACKAGE_URL ""
| #define PACKAGE "check"
| #define VERSION "0.11.0"
| #define STDC_HEADERS 1
| #define HAVE_SYS_TYPES_H 1
| #define HAVE_SYS_STAT_H 1
| #define HAVE_STDLIB_H 1
| #define HAVE_STRING_H 1
| #define HAVE_MEMORY_H 1
| #define HAVE_STRINGS_H 1
| #define HAVE_INTTYPES_H 1
| #define HAVE_STDINT_H 1
| #define HAVE_UNISTD_H 1
| #define __EXTENSIONS__ 1
| #define _ALL_SOURCE 1
| #define _GNU_SOURCE 1
| #define _POSIX_PTHREAD_SEMANTICS 1
| #define _TANDEM_SOURCE 1
| #define HAVE_DLFCN_H 1
| #define LT_OBJDIR ".libs/"
| #define HAVE_PTHREAD 1
| #define HAVE_LIBM 1
| #define HAVE_LIBRT 1
| #define HAVE_STRUCT_TIMESPEC_TV_SEC 1
| #define HAVE_STRUCT_TIMESPEC_TV_NSEC 1
| #define HAVE_STRUCT_ITIMERSPEC_IT_INTERVAL 1
| #define HAVE_STRUCT_ITIMERSPEC_IT_VALUE 1
| #define STDC_HEADERS 1
| #define HAVE_SYS_WAIT_H 1
| #define HAVE_FCNTL_H 1
| #define HAVE_STDDEF_H 1
| #define HAVE_STDLIB_H 1
| #define HAVE_STRING_H 1
| #define HAVE_SYS_TIME_H 1
| #define HAVE_UNISTD_H 1
| #define ENABLE_SUBUNIT 0
| #define HAVE_REGEX_H 1
| #define HAVE_REGCOMP 1
| #define HAVE_REGEXEC 1
| #define HAVE_REGEX 1
| #define ENABLE_REGEX 1
| #define HAVE_UNSIGNED_LONG_LONG_INT 1
| #define HAVE_LONG_LONG_INT 1
| #define HAVE_INTMAX_T 1
| #define HAVE_UINTMAX_T 1
| #define TIME_WITH_SYS_TIME 1
| #define SIZEOF_INT 4
| #define SIZEOF_SHORT 2
| #define SIZEOF_LONG 8
| #define HAVE_STDLIB_H 1
| #define HAVE_MALLOC 1
| #define HAVE_STDLIB_H 1
| #define HAVE_REALLOC 1
| #define HAVE_TIME_H 1
| #define HAVE_STDARG_H 1
| #define HAVE_ALARM 1
| #define HAVE_CLOCK_GETTIME 1
| #define HAVE_GETLINE 1
| #define HAVE_GETTIMEOFDAY 1
| #define HAVE_LOCALTIME_R 1
| #define HAVE_STRDUP 1
| #define HAVE_STRSIGNAL 1
| #define HAVE_DECL_ALARM 1
| /* end confdefs.h.  */
| #include <stdio.h>
| #ifdef HAVE_SYS_TYPES_H
| # include <sys/types.h>
| #endif
| #ifdef HAVE_SYS_STAT_H
| # include <sys/stat.h>
| #endif
| #ifdef STDC_HEADERS
| # include <stdlib.h>
| # include <stddef.h>
| #else
| # ifdef HAVE_STDLIB_H
| #  include <stdlib.h>
| # endif
| #endif
| #ifdef HAVE_STRING_H
| # if !defined STDC_HEADERS && defined HAVE_MEMORY_H
| #  include <memory.h>
| # endif
| # include <string.h>
| #endif
| #ifdef HAVE_STRINGS_H
| # include <strings.h>
| #endif
| #ifdef HAVE_INTTYPES_H
| # include <inttypes.h>
| #endif
| #ifdef HAVE_STDINT_H
| # include <stdint.h>
| #endif
| #ifdef HAVE_UNISTD_H
| # include <unistd.h>
| #endif
| int
| main ()
| {
| #ifndef clock_gettime
| #ifdef __cplusplus
|   (void) clock_gettime;
| #else
|   (void) clock_gettime;
| #endif
| #endif
| 
|   ;
|   return 0;
| }
configure:16789: result: no
configure:16799: checking whether getline is declared
configure:16799: gcc -c -g -O2 -Wextra -Wstrict-prototypes -Wmissing-prototypes -Wwrite-strings -Wno-variadic-macros -Wimport -Wfatal-errors -Wformat=2 -Winit-self -Wmissing-include-dirs -Wswitch-default -Wunknown-pragmas  conftest.c >&5
conftest.c:106:1: warning: function declaration isn't a prototype [-Wstrict-prototypes]
 main ()
 ^
configure:16799: $? = 0
configure:16799: result: yes
configure:16809: checking whether gettimeofday is declared
configure:16809: gcc -c -g -O2 -Wextra -Wstrict-prototypes -Wmissing-prototypes -Wwrite-strings -Wno-variadic-macros -Wimport -Wfatal-errors -Wformat=2 -Winit-self -Wmissing-include-dirs -Wswitch-default -Wunknown-pragmas  conftest.c >&5
conftest.c:107:1: warning: function declaration isn't a prototype [-Wstrict-prototypes]
 main ()
 ^
conftest.c: In function 'main':
conftest.c:113:10: error: 'gettimeofday' undeclared (first use in this function)
   (void) gettimeofday;
          ^
compilation terminated due to -Wfatal-errors.
configure:16809: $? = 1
configure: failed program was:
| /* confdefs.h */
| #define PACKAGE_NAME "Check"
| #define PACKAGE_TARNAME "check"
| #define PACKAGE_VERSION "0.11.0"
| #define PACKAGE_STRING "Check 0.11.0"
| #define PACKAGE_BUGREPORT "check-devel at lists dot sourceforge dot net"
| #define PACKAGE_URL ""
| #define PACKAGE "check"
| #define VERSION "0.11.0"
| #define STDC_HEADERS 1
| #define HAVE_SYS_TYPES_H 1
| #define HAVE_SYS_STAT_H 1
| #define HAVE_STDLIB_H 1
| #define HAVE_STRING_H 1
| #define HAVE_MEMORY_H 1
| #define HAVE_STRINGS_H 1
| #define HAVE_INTTYPES_H 1
| #define HAVE_STDINT_H 1
| #define HAVE_UNISTD_H 1
| #define __EXTENSIONS__ 1
| #define _ALL_SOURCE 1
| #define _GNU_SOURCE 1
| #define _POSIX_PTHREAD_SEMANTICS 1
| #define _TANDEM_SOURCE 1
| #define HAVE_DLFCN_H 1
| #define LT_OBJDIR ".libs/"
| #define HAVE_PTHREAD 1
| #define HAVE_LIBM 1
| #define HAVE_LIBRT 1
| #define HAVE_STRUCT_TIMESPEC_TV_SEC 1
| #define HAVE_STRUCT_TIMESPEC_TV_NSEC 1
| #define HAVE_STRUCT_ITIMERSPEC_IT_INTERVAL 1
| #define HAVE_STRUCT_ITIMERSPEC_IT_VALUE 1
| #define STDC_HEADERS 1
| #define HAVE_SYS_WAIT_H 1
| #define HAVE_FCNTL_H 1
| #define HAVE_STDDEF_H 1
| #define HAVE_STDLIB_H 1
| #define HAVE_STRING_H 1
| #define HAVE_SYS_TIME_H 1
| #define HAVE_UNISTD_H 1
| #define ENABLE_SUBUNIT 0
| #define HAVE_REGEX_H 1
| #define HAVE_REGCOMP 1
| #define HAVE_REGEXEC 1
| #define HAVE_REGEX 1
| #define ENABLE_REGEX 1
| #define HAVE_UNSIGNED_LONG_LONG_INT 1
| #define HAVE_LONG_LONG_INT 1
| #define HAVE_INTMAX_T 1
| #define HAVE_UINTMAX_T 1
| #define TIME_WITH_SYS_TIME 1
| #define SIZEOF_INT 4
| #define SIZEOF_SHORT 2
| #define SIZEOF_LONG 8
| #define HAVE_STDLIB_H 1
| #define HAVE_MALLOC 1
| #define HAVE_STDLIB_H 1
| #define HAVE_REALLOC 1
| #define HAVE_TIME_H 1
| #define HAVE_STDARG_H 1
| #define HAVE_ALARM 1
| #define HAVE_CLOCK_GETTIME 1
| #define HAVE_GETLINE 1
| #define HAVE_GETTIMEOFDAY 1
| #define HAVE_LOCALTIME_R 1
| #define HAVE_STRDUP 1
| #define HAVE_STRSIGNAL 1
| #define HAVE_DECL_ALARM 1
| #define HAVE_DECL_CLOCK_GETTIME 0
| #define HAVE_DECL_GETLINE 1
| /* end confdefs.h.  */
| #include <stdio.h>
| #ifdef HAVE_SYS_TYPES_H
| # include <sys/types.h>
| #endif
| #ifdef HAVE_SYS_STAT_H
| # include <sys/stat.h>
| #endif
| #ifdef STDC_HEADERS
| # include <stdlib.h>
| # include <stddef.h>
| #else
| # ifdef HAVE_STDLIB_H
| #  include <stdlib.h>
| # endif
| #endif
| #ifdef HAVE_STRING_H
| # if !defined STDC_HEADERS && defined HAVE_MEMORY_H
| #  include <memory.h>
| # endif
| # include <string.h>
| #endif
| #ifdef HAVE_STRINGS_H
| # include <strings.h>
| #endif
| #ifdef HAVE_INTTYPES_H
| # include <inttypes.h>
| #endif
| #ifdef HAVE_STDINT_H
| # include <stdint.h>
| #endif
| #ifdef HAVE_UNISTD_H
| # include <unistd.h>
| #endif
| int
| main ()
| {
| #ifndef gettimeofday
| #ifdef __cplusplus
|   (void) gettimeofday;
| #else
|   (void) gettimeofday;
| #endif
| #endif
| 
|   ;
|   return 0;
| }
configure:16809: result: no
configure:16819: checking whether localtime_r is declared
configure:16819: gcc -c -g -O2 -Wextra -Wstrict-prototypes -Wmissing-prototypes -Wwrite-strings -Wno-variadic-macros -Wimport -Wfatal-errors -Wformat=2 -Winit-self -Wmissing-include-dirs -Wswitch-default -Wunknown-pragmas  conftest.c >&5
conftest.c:108:1: warning: function declaration isn't a prototype [-Wstrict-prototypes]
 main ()
 ^
conftest.c: In function 'main':
conftest.c:114:10: error: 'localtime_r' undeclared (first use in this function)
   (void) localtime_r;
          ^
compilation terminated due to -Wfatal-errors.
configure:16819: $? = 1
configure: failed program was:
| /* confdefs.h */
| #define PACKAGE_NAME "Check"
| #define PACKAGE_TARNAME "check"
| #define PACKAGE_VERSION "0.11.0"
| #define PACKAGE_STRING "Check 0.11.0"
| #define PACKAGE_BUGREPORT "check-devel at lists dot sourceforge dot net"
| #define PACKAGE_URL ""
| #define PACKAGE "check"
| #define VERSION "0.11.0"
| #define STDC_HEADERS 1
| #define HAVE_SYS_TYPES_H 1
| #define HAVE_SYS_STAT_H 1
| #define HAVE_STDLIB_H 1
| #define HAVE_STRING_H 1
| #define HAVE_MEMORY_H 1
| #define HAVE_STRINGS_H 1
| #define HAVE_INTTYPES_H 1
| #define HAVE_STDINT_H 1
| #define HAVE_UNISTD_H 1
| #define __EXTENSIONS__ 1
| #define _ALL_SOURCE 1
| #define _GNU_SOURCE 1
| #define _POSIX_PTHREAD_SEMANTICS 1
| #define _TANDEM_SOURCE 1
| #define HAVE_DLFCN_H 1
| #define LT_OBJDIR ".libs/"
| #define HAVE_PTHREAD 1
| #define HAVE_LIBM 1
| #define HAVE_LIBRT 1
| #define HAVE_STRUCT_TIMESPEC_TV_SEC 1
| #define HAVE_STRUCT_TIMESPEC_TV_NSEC 1
| #define HAVE_STRUCT_ITIMERSPEC_IT_INTERVAL 1
| #define HAVE_STRUCT_ITIMERSPEC_IT_VALUE 1
| #define STDC_HEADERS 1
| #define HAVE_SYS_WAIT_H 1
| #define HAVE_FCNTL_H 1
| #define HAVE_STDDEF_H 1
| #define HAVE_STDLIB_H 1
| #define HAVE_STRING_H 1
| #define HAVE_SYS_TIME_H 1
| #define HAVE_UNISTD_H 1
| #define ENABLE_SUBUNIT 0
| #define HAVE_REGEX_H 1
| #define HAVE_REGCOMP 1
| #define HAVE_REGEXEC 1
| #define HAVE_REGEX 1
| #define ENABLE_REGEX 1
| #define HAVE_UNSIGNED_LONG_LONG_INT 1
| #define HAVE_LONG_LONG_INT 1
| #define HAVE_INTMAX_T 1
| #define HAVE_UINTMAX_T 1
| #define TIME_WITH_SYS_TIME 1
| #define SIZEOF_INT 4
| #define SIZEOF_SHORT 2
| #define SIZEOF_LONG 8
| #define HAVE_STDLIB_H 1
| #define HAVE_MALLOC 1
| #define HAVE_STDLIB_H 1
| #define HAVE_REALLOC 1
| #define HAVE_TIME_H 1
| #define HAVE_STDARG_H 1
| #define HAVE_ALARM 1
| #define HAVE_CLOCK_GETTIME 1
| #define HAVE_GETLINE 1
| #define HAVE_GETTIMEOFDAY 1
| #define HAVE_LOCALTIME_R 1
| #define HAVE_STRDUP 1
| #define HAVE_STRSIGNAL 1
| #define HAVE_DECL_ALARM 1
| #define HAVE_DECL_CLOCK_GETTIME 0
| #define HAVE_DECL_GETLINE 1
| #define HAVE_DECL_GETTIMEOFDAY 0
| /* end confdefs.h.  */
| #include <stdio.h>
| #ifdef HAVE_SYS_TYPES_H
| # include <sys/types.h>
| #endif
| #ifdef HAVE_SYS_STAT_H
| # include <sys/stat.h>
| #endif
| #ifdef STDC_HEADERS
| # include <stdlib.h>
| # include <stddef.h>
| #else
| # ifdef HAVE_STDLIB_H
| #  include <stdlib.h>
| # endif
| #endif
| #ifdef HAVE_STRING_H
| # if !defined STDC_HEADERS && defined HAVE_MEMORY_H
| #  include <memory.h>
| # endif
| # include <string.h>
| #endif
| #ifdef HAVE_STRINGS_H
| # include <strings.h>
| #endif
| #ifdef HAVE_INTTYPES_H
| # include <inttypes.h>
| #endif
| #ifdef HAVE_STDINT_H
| # include <stdint.h>
| #endif
| #ifdef HAVE_UNISTD_H
| # include <unistd.h>
| #endif
| int
| main ()
| {
| #ifndef localtime_r
| #ifdef __cplusplus
|   (void) localtime_r;
| #else
|   (void) localtime_r;
| #endif
| #endif
| 
|   ;
|   return 0;
| }
configure:16819: result: no
configure:16829: checking whether strdup is declared
configure:16829: gcc -c -g -O2 -Wextra -Wstrict-prototypes -Wmissing-prototypes -Wwrite-strings -Wno-variadic-macros -Wimport -Wfatal-errors -Wformat=2 -Winit-self -Wmissing-include-dirs -Wswitch-default -Wunknown-pragmas  conftest.c >&5
conftest.c:109:1: warning: function declaration isn't a prototype [-Wstrict-prototypes]
 main ()
 ^
configure:16829: $? = 0
configure:16829: result: yes
configure:16839: checking whether strsignal is declared
configure:16839: gcc -c -g -O2 -Wextra -Wstrict-prototypes -Wmissing-prototypes -Wwrite-strings -Wno-variadic-macros -Wimport -Wfatal-errors -Wformat=2 -Winit-self -Wmissing-include-dirs -Wswitch-default -Wunknown-pragmas  conftest.c >&5
conftest.c:110:1: warning: function declaration isn't a prototype [-Wstrict-prototypes]
 main ()
 ^
configure:16839: $? = 0
configure:16839: result: yes
configure:16853: checking whether setenv is declared
configure:16853: gcc -c -g -O2 -Wextra -Wstrict-prototypes -Wmissing-prototypes -Wwrite-strings -Wno-variadic-macros -Wimport -Wfatal-errors -Wformat=2 -Winit-self -Wmissing-include-dirs -Wswitch-default -Wunknown-pragmas  conftest.c >&5
conftest.c:111:1: warning: function declaration isn't a prototype [-Wstrict-prototypes]
 main ()
 ^
configure:16853: $? = 0
configure:16853: result: yes
configure:16867: checking for setitimer
configure:16867: gcc -o conftest -g -O2 -Wextra -Wstrict-prototypes -Wmissing-prototypes -Wwrite-strings -Wno-variadic-macros -Wimport -Wfatal-errors -Wformat=2 -Winit-self -Wmissing-include-dirs -Wswitch-default -Wunknown-pragmas   conftest.c -lrt -lm  >&5
conftest.c:101:1: warning: function declaration isn't a prototype [-Wstrict-prototypes]
 char setitimer ();
 ^
conftest.c:110:1: warning: function declaration isn't a prototype [-Wstrict-prototypes]
 main ()
 ^
configure:16867: $? = 0
configure:16867: result: yes
configure:16881: checking for fork
configure:16881: gcc -o conftest -g -O2 -Wextra -Wstrict-prototypes -Wmissing-prototypes -Wwrite-strings -Wno-variadic-macros -Wimport -Wfatal-errors -Wformat=2 -Winit-self -Wmissing-include-dirs -Wswitch-default -Wunknown-pragmas   conftest.c -lrt -lm  >&5
conftest.c:102:1: warning: function declaration isn't a prototype [-Wstrict-prototypes]
 char fork ();
 ^
conftest.c:102:6: warning: conflicting types for built-in function 'fork' [enabled by default]
 char fork ();
      ^
conftest.c:111:1: warning: function declaration isn't a prototype [-Wstrict-prototypes]
 main ()
 ^
configure:16881: $? = 0
configure:16881: result: yes
configure:16898: checking for sigaction
configure:16898: gcc -o conftest -g -O2 -Wextra -Wstrict-prototypes -Wmissing-prototypes -Wwrite-strings -Wno-variadic-macros -Wimport -Wfatal-errors -Wformat=2 -Winit-self -Wmissing-include-dirs -Wswitch-default -Wunknown-pragmas   conftest.c -lrt -lm  >&5
conftest.c:103:1: warning: function declaration isn't a prototype [-Wstrict-prototypes]
 char sigaction ();
 ^
conftest.c:112:1: warning: function declaration isn't a prototype [-Wstrict-prototypes]
 main ()
 ^
configure:16898: $? = 0
configure:16898: result: yes
configure:16909: checking for mkstemp
configure:16909: gcc -o conftest -g -O2 -Wextra -Wstrict-prototypes -Wmissing-prototypes -Wwrite-strings -Wno-variadic-macros -Wimport -Wfatal-errors -Wformat=2 -Winit-self -Wmissing-include-dirs -Wswitch-default -Wunknown-pragmas   conftest.c -lrt -lm  >&5
conftest.c:104:1: warning: function declaration isn't a prototype [-Wstrict-prototypes]
 char mkstemp ();
 ^
conftest.c:113:1: warning: function declaration isn't a prototype [-Wstrict-prototypes]
 main ()
 ^
configure:16909: $? = 0
configure:16909: result: yes
configure:16929: checking for vsnprintf
configure:16929: gcc -o conftest -g -O2 -Wextra -Wstrict-prototypes -Wmissing-prototypes -Wwrite-strings -Wno-variadic-macros -Wimport -Wfatal-errors -Wformat=2 -Winit-self -Wmissing-include-dirs -Wswitch-default -Wunknown-pragmas   conftest.c -lrt -lm  >&5
conftest.c:105:1: warning: function declaration isn't a prototype [-Wstrict-prototypes]
 char vsnprintf ();
 ^
conftest.c:105:6: warning: conflicting types for built-in function 'vsnprintf' [enabled by default]
 char vsnprintf ();
      ^
conftest.c:114:1: warning: function declaration isn't a prototype [-Wstrict-prototypes]
 main ()
 ^
configure:16929: $? = 0
configure:16929: result: yes
configure:16937: checking whether vsnprintf is C99 compliant
configure:16972: gcc -o conftest -g -O2 -Wextra -Wstrict-prototypes -Wmissing-prototypes -Wwrite-strings -Wno-variadic-macros -Wimport -Wfatal-errors -Wformat=2 -Winit-self -Wmissing-include-dirs -Wswitch-default -Wunknown-pragmas   conftest.c -lrt -lm  >&5
conftest.c:96:1: warning: function declaration isn't a prototype [-Wstrict-prototypes]
 main ()
 ^
configure:16972: $? = 0
configure:16972: ./conftest
configure:16972: $? = 0
configure:16982: result: yes
configure:17400: checking for snprintf
configure:17400: gcc -o conftest -g -O2 -Wextra -Wstrict-prototypes -Wmissing-prototypes -Wwrite-strings -Wno-variadic-macros -Wimport -Wfatal-errors -Wformat=2 -Winit-self -Wmissing-include-dirs -Wswitch-default -Wunknown-pragmas   conftest.c -lrt -lm  >&5
conftest.c:106:1: warning: function declaration isn't a prototype [-Wstrict-prototypes]
 char snprintf ();
 ^
conftest.c:106:6: warning: conflicting types for built-in function 'snprintf' [enabled by default]
 char snprintf ();
      ^
conftest.c:115:1: warning: function declaration isn't a prototype [-Wstrict-prototypes]
 main ()
 ^
configure:17400: $? = 0
configure:17400: result: yes
configure:17408: checking whether snprintf is C99 compliant
configure:17431: gcc -o conftest -g -O2 -Wextra -Wstrict-prototypes -Wmissing-prototypes -Wwrite-strings -Wno-variadic-macros -Wimport -Wfatal-errors -Wformat=2 -Winit-self -Wmissing-include-dirs -Wswitch-default -Wunknown-pragmas   conftest.c -lrt -lm  >&5
conftest.c:85:1: warning: function declaration isn't a prototype [-Wstrict-prototypes]
 main ()
 ^
configure:17431: $? = 0
configure:17431: ./conftest
configure:17431: $? = 0
configure:17441: result: yes
configure:17560: checking for gawk
configure:17578: found /usr/bin/gawk
configure:17591: result: /usr/bin/gawk
configure:17746: checking that generated files are newer than configure
configure:17752: result: done
configure:17799: creating ./config.status

## ---------------------- ##
## Running config.status. ##
## ---------------------- ##

This file was extended by Check config.status 0.11.0, which was
generated by GNU Autoconf 2.69.  Invocation command line was

  CONFIG_FILES    = 
  CONFIG_HEADERS  = 
  CONFIG_LINKS    = 
  CONFIG_COMMANDS = 
  $ ./config.status 

on elneelo

config.status:1208: creating checkmk/checkmk
config.status:1208: creating check.pc
config.status:1208: creating Makefile
config.status:1208: creating checkmk/Makefile
config.status:1208: creating doc/Makefile
config.status:1208: creating lib/Makefile
config.status:1208: creating src/check.h
config.status:1208: creating src/Makefile
config.status:1208: creating tests/Makefile
config.status:1208: creating tests/test_vars
config.status:1208: creating config.h
config.status:1437: executing depfiles commands
config.status:1437: executing libtool commands
config.status:1437: executing check_stdint.h commands
config.status:2168: creating check_stdint.h : _CHECK_CHECK_STDINT_H
config.status:1437: executing checkmk-x commands

## ---------------- ##
## Cache variables. ##
## ---------------- ##

ac_cv_build=x86_64-unknown-linux-gnu
ac_cv_c_compiler_gnu=yes
ac_cv_c_const=yes
ac_cv_c_uint32_t=yes
ac_cv_env_AWK_PATH_set=
ac_cv_env_AWK_PATH_value=
ac_cv_env_CC_set=
ac_cv_env_CC_value=
ac_cv_env_CFLAGS_set=
ac_cv_env_CFLAGS_value=
ac_cv_env_CPPFLAGS_set=
ac_cv_env_CPPFLAGS_value=
ac_cv_env_CPP_set=
ac_cv_env_CPP_value=
ac_cv_env_LDFLAGS_set=
ac_cv_env_LDFLAGS_value=
ac_cv_env_LIBSUBUNIT_CFLAGS_set=
ac_cv_env_LIBSUBUNIT_CFLAGS_value=
ac_cv_env_LIBSUBUNIT_LIBS_set=
ac_cv_env_LIBSUBUNIT_LIBS_value=
ac_cv_env_LIBS_set=
ac_cv_env_LIBS_value=
ac_cv_env_PKG_CONFIG_LIBDIR_set=
ac_cv_env_PKG_CONFIG_LIBDIR_value=
ac_cv_env_PKG_CONFIG_PATH_set=
ac_cv_env_PKG_CONFIG_PATH_value=
ac_cv_env_PKG_CONFIG_set=
ac_cv_env_PKG_CONFIG_value=
ac_cv_env_build_alias_set=
ac_cv_env_build_alias_value=
ac_cv_env_host_alias_set=
ac_cv_env_host_alias_value=
ac_cv_env_target_alias_set=
ac_cv_env_target_alias_value=
ac_cv_func_alarm=yes
ac_cv_func_clock_gettime=yes
ac_cv_func_fork=yes
ac_cv_func_getline=yes
ac_cv_func_gettimeofday=yes
ac_cv_func_localtime_r=yes
ac_cv_func_malloc_0_nonnull=yes
ac_cv_func_mkstemp=yes
ac_cv_func_realloc_0_nonnull=yes
ac_cv_func_regcomp=yes
ac_cv_func_regexec=yes
ac_cv_func_setitimer=yes
ac_cv_func_sigaction=yes
ac_cv_func_snprintf=yes
ac_cv_func_strdup=yes
ac_cv_func_strsignal=yes
ac_cv_func_timer_create=yes
ac_cv_func_vsnprintf=yes
ac_cv_have_decl_alarm=yes
ac_cv_have_decl_clock_gettime=no
ac_cv_have_decl_getline=yes
ac_cv_have_decl_gettimeofday=no
ac_cv_have_decl_localtime_r=no
ac_cv_have_decl_setenv=yes
ac_cv_have_decl_strdup=yes
ac_cv_have_decl_strsignal=yes
ac_cv_header_dlfcn_h=yes
ac_cv_header_fcntl_h=yes
ac_cv_header_inttypes_h=yes
ac_cv_header_memory_h=yes
ac_cv_header_minix_config_h=no
ac_cv_header_regex_h=yes
ac_cv_header_stdarg_h=yes
ac_cv_header_stdc=yes
ac_cv_header_stddef_h=yes
ac_cv_header_stdint=stdint.h
ac_cv_header_stdint_h=yes
ac_cv_header_stdint_t=stdint.h
ac_cv_header_stdlib_h=yes
ac_cv_header_string_h=yes
ac_cv_header_strings_h=yes
ac_cv_header_sys_stat_h=yes
ac_cv_header_sys_time_h=yes
ac_cv_header_sys_types_h=yes
ac_cv_header_sys_wait_h=yes
ac_cv_header_time=yes
ac_cv_header_time_h=yes
ac_cv_header_unistd_h=yes
ac_cv_host=x86_64-unknown-linux-gnu
ac_cv_lib_m_floor=yes
ac_cv_lib_rt_clock_gettime__timer_create__timer_settime__timer_delete=yes
ac_cv_member_struct_itimerspec_it_interval=yes
ac_cv_member_struct_itimerspec_it_value=yes
ac_cv_member_struct_timespec_tv_nsec=yes
ac_cv_member_struct_timespec_tv_sec=yes
ac_cv_objext=o
ac_cv_path_AWK_PATH=/usr/bin/gawk
ac_cv_path_EGREP='/bin/grep -E'
ac_cv_path_FGREP='/bin/grep -F'
ac_cv_path_GREP=/bin/grep
ac_cv_path_SED=/bin/sed
ac_cv_path_ac_pt_PKG_CONFIG=/usr/bin/pkg-config
ac_cv_path_install='/usr/bin/install -c'
ac_cv_path_mkdir=/bin/mkdir
ac_cv_prog_AWK=gawk
ac_cv_prog_CPP='gcc -E'
ac_cv_prog_FILTERDIFF=filterdiff
ac_cv_prog_GCOV=gcov
ac_cv_prog_ac_ct_AR=ar
ac_cv_prog_ac_ct_CC=gcc
ac_cv_prog_ac_ct_MANIFEST_TOOL=mt
ac_cv_prog_ac_ct_OBJDUMP=objdump
ac_cv_prog_ac_ct_RANLIB=ranlib
ac_cv_prog_ac_ct_STRIP=strip
ac_cv_prog_cc_c89=
ac_cv_prog_cc_g=yes
ac_cv_prog_make_make_set=yes
ac_cv_safe_to_define___extensions__=yes
ac_cv_sizeof_int=4
ac_cv_sizeof_long=8
ac_cv_sizeof_short=2
ac_cv_stdint_message='using gnu compiler gcc (Ubuntu 4.8.4-2ubuntu1~14.04.3) 4.8.4'
ac_cv_stdint_result='(assuming C99 compatible system)'
ac_cv_struct_tm=time.h
ac_cv_type_clockid_t=yes
ac_cv_type_intmax_t=yes
ac_cv_type_long_long_int=yes
ac_cv_type_pid_t=yes
ac_cv_type_size_t=yes
ac_cv_type_timer_t=yes
ac_cv_type_uintmax_t=yes
ac_cv_type_unsigned_long_long_int=yes
am_cv_CC_dependencies_compiler_type=gcc3
am_cv_ar_interface=ar
am_cv_make_support_nested_variables=yes
am_cv_prog_cc_c_o=yes
ax_cv_c_check_flag__Wextra=yes
ax_cv_c_check_flag__Wfatal_errors=yes
ax_cv_c_check_flag__Wformat_2=yes
ax_cv_c_check_flag__Wimport=yes
ax_cv_c_check_flag__Winit_self=yes
ax_cv_c_check_flag__Wmissing_include_dirs=yes
ax_cv_c_check_flag__Wmissing_prototypes=yes
ax_cv_c_check_flag__Wno_variadic_macros=yes
ax_cv_c_check_flag__Wstrict_prototypes=yes
ax_cv_c_check_flag__Wswitch_default=yes
ax_cv_c_check_flag__Wunknown_pragmas=yes
ax_cv_c_check_flag__Wwrite_strings=yes
hw_cv_func_snprintf=yes
hw_cv_func_snprintf_c99=yes
hw_cv_func_vsnprintf=yes
hw_cv_func_vsnprintf_c99=yes
hw_cv_librt_timers=yes
hw_cv_librt_timers_posix=yes
lt_cv_ar_at_file=@
lt_cv_archive_cmds_need_lc=no
lt_cv_deplibs_check_method=pass_all
lt_cv_file_magic_cmd='$MAGIC_CMD'
lt_cv_file_magic_test_file=
lt_cv_ld_reload_flag=-r
lt_cv_nm_interface='BSD nm'
lt_cv_objdir=.libs
lt_cv_path_LD=/usr/bin/ld
lt_cv_path_NM='/usr/bin/nm -B'
lt_cv_path_mainfest_tool=no
lt_cv_prog_compiler_c_o=yes
lt_cv_prog_compiler_pic='-fPIC -DPIC'
lt_cv_prog_compiler_pic_works=yes
lt_cv_prog_compiler_rtti_exceptions=no
lt_cv_prog_compiler_static_works=yes
lt_cv_prog_gnu_ld=yes
lt_cv_sharedlib_from_linklib_cmd='printf %s\n'
lt_cv_shlibpath_overrides_runpath=no
lt_cv_sys_global_symbol_pipe='sed -n -e '\''s/^.*[	 ]\([ABCDGIRSTW][ABCDGIRSTW]*\)[	 ][	 ]*\([_A-Za-z][_A-Za-z0-9]*\)$/\1 \2 \2/p'\'' | sed '\''/ __gnu_lto/d'\'''
lt_cv_sys_global_symbol_to_c_name_address='sed -n -e '\''s/^: \([^ ]*\)[ ]*$/  {\"\1\", (void *) 0},/p'\'' -e '\''s/^[ABCDGIRSTW]* \([^ ]*\) \([^ ]*\)$/  {"\2", (void *) \&\2},/p'\'''
lt_cv_sys_global_symbol_to_c_name_address_lib_prefix='sed -n -e '\''s/^: \([^ ]*\)[ ]*$/  {\"\1\", (void *) 0},/p'\'' -e '\''s/^[ABCDGIRSTW]* \([^ ]*\) \(lib[^ ]*\)$/  {"\2", (void *) \&\2},/p'\'' -e '\''s/^[ABCDGIRSTW]* \([^ ]*\) \([^ ]*\)$/  {"lib\2", (void *) \&\2},/p'\'''
lt_cv_sys_global_symbol_to_cdecl='sed -n -e '\''s/^T .* \(.*\)$/extern int \1();/p'\'' -e '\''s/^[ABCDGIRSTW]* .* \(.*\)$/extern char \1;/p'\'''
lt_cv_sys_max_cmd_len=1572864
lt_cv_to_host_file_cmd=func_convert_file_noop
lt_cv_to_tool_file_cmd=func_convert_file_noop

## ----------------- ##
## Output variables. ##
## ----------------- ##

ACLOCAL='${SHELL} /home/neil/Documents/cs4098/check/missing aclocal-1.14'
AMDEPBACKSLASH='\'
AMDEP_FALSE='#'
AMDEP_TRUE=''
AMTAR='$${TAR-tar}'
AM_BACKSLASH='\'
AM_DEFAULT_V='$(AM_DEFAULT_VERBOSITY)'
AM_DEFAULT_VERBOSITY='1'
AM_V='$(V)'
AR='ar'
AUTOCONF='${SHELL} /home/neil/Documents/cs4098/check/missing autoconf'
AUTOHEADER='${SHELL} /home/neil/Documents/cs4098/check/missing autoheader'
AUTOMAKE='${SHELL} /home/neil/Documents/cs4098/check/missing automake-1.14'
AWK='gawk'
AWK_GSUB_DBL_BSLASH='\\\\'
AWK_PATH='/usr/bin/gawk'
CC='gcc'
CCDEPMODE='depmode=gcc3'
CFLAGS='-g -O2 -Wextra -Wstrict-prototypes -Wmissing-prototypes -Wwrite-strings -Wno-variadic-macros -Wimport -Wfatal-errors -Wformat=2 -Winit-self -Wmissing-include-dirs -Wswitch-default -Wunknown-pragmas'
CHECK_MAJOR_VERSION='0'
CHECK_MICRO_VERSION='0'
CHECK_MINOR_VERSION='11'
CHECK_VERSION='0.11.0'
CPP='gcc -E'
CPPFLAGS=''
CYGPATH_W='echo'
DEFS='-DHAVE_CONFIG_H'
DEPDIR='.deps'
DLLTOOL='false'
DSYMUTIL=''
DUMPBIN=''
ECHO_C=''
ECHO_N='-n'
ECHO_T=''
EGREP='/bin/grep -E'
ENABLE_GCOV_FALSE=''
ENABLE_GCOV_TRUE='#'
ENABLE_REGEX='1'
ENABLE_SUBUNIT='0'
EXEEXT=''
FGREP='/bin/grep -F'
FILTERDIFF='filterdiff'
GCOV='gcov'
GCOV_CFLAGS=''
GCOV_LIBS=''
GENHTML='false'
GREP='/bin/grep'
HAVE_FORK='1'
HAVE_REGEX='1'
INSTALL_CHECKMK_FALSE='#'
INSTALL_CHECKMK_TRUE=''
INSTALL_DATA='${INSTALL} -m 644'
INSTALL_PROGRAM='${INSTALL}'
INSTALL_SCRIPT='${INSTALL}'
INSTALL_STRIP_PROGRAM='$(install_sh) -c -s'
LCOV='false'
LD='/usr/bin/ld -m elf_x86_64'
LDFLAGS=''
LIBOBJS=''
LIBS='-lrt -lm '
LIBSUBUNIT_CFLAGS=''
LIBSUBUNIT_LIBS=''
LIBSUBUNIT_PC=''
LIBTOOL='$(SHELL) $(top_builddir)/libtool'
LIPO=''
LN_S='ln -s'
LTLIBOBJS=''
MAKEINFO='${SHELL} /home/neil/Documents/cs4098/check/missing makeinfo'
MANIFEST_TOOL=':'
MKDIR_P='/bin/mkdir -p'
NM='/usr/bin/nm -B'
NMEDIT=''
NO_TIMEOUT_TESTS_FALSE=''
NO_TIMEOUT_TESTS_TRUE='#'
OBJDUMP='objdump'
OBJEXT='o'
OTOOL64=''
OTOOL=''
PACKAGE='check'
PACKAGE_BUGREPORT='check-devel at lists dot sourceforge dot net'
PACKAGE_NAME='Check'
PACKAGE_STRING='Check 0.11.0'
PACKAGE_TARNAME='check'
PACKAGE_URL=''
PACKAGE_VERSION='0.11.0'
PATH_SEPARATOR=':'
PKG_CONFIG='/usr/bin/pkg-config'
PKG_CONFIG_LIBDIR=''
PKG_CONFIG_PATH=''
PTHREAD_CC='gcc'
PTHREAD_CFLAGS='-pthread'
PTHREAD_LIBS=''
RANLIB='ranlib'
SED='/bin/sed'
SET_MAKE=''
SHELL='/bin/bash'
STRIP='strip'
SUBUNIT_FALSE=''
SUBUNIT_TRUE='#'
TEX='false'
USE_FILTERDIFF_FALSE='#'
USE_FILTERDIFF_TRUE=''
VERSION='0.11.0'
ac_ct_AR='ar'
ac_ct_CC='gcc'
ac_ct_DUMPBIN=''
acx_pthread_config=''
am__EXEEXT_FALSE=''
am__EXEEXT_TRUE='#'
am__fastdepCC_FALSE='#'
am__fastdepCC_TRUE=''
am__include='include'
am__isrc=''
am__leading_dot='.'
am__nodep='_no'
am__quote=''
am__tar='$${TAR-tar} chof - "$$tardir"'
am__untar='$${TAR-tar} xf -'
bindir='${exec_prefix}/bin'
build='x86_64-unknown-linux-gnu'
build_alias=''
build_cpu='x86_64'
build_os='linux-gnu'
build_vendor='unknown'
datadir='${datarootdir}'
datarootdir='${prefix}/share'
docdir='${datarootdir}/doc/${PACKAGE_TARNAME}'
dvidir='${docdir}'
exec_prefix='${prefix}'
host='x86_64-unknown-linux-gnu'
host_alias=''
host_cpu='x86_64'
host_os='linux-gnu'
host_vendor='unknown'
htmldir='${docdir}'
includedir='${prefix}/include'
infodir='${datarootdir}/info'
install_sh='${SHELL} /home/neil/Documents/cs4098/check/install-sh'
libdir='${exec_prefix}/lib'
libexecdir='${exec_prefix}/libexec'
localedir='${datarootdir}/locale'
localstatedir='${prefix}/var'
mandir='${datarootdir}/man'
mkdir_p='$(MKDIR_P)'
oldincludedir='/usr/include'
pdfdir='${docdir}'
prefix='/usr/local'
program_transform_name='s,x,x,'
psdir='${docdir}'
sbindir='${exec_prefix}/sbin'
sharedstatedir='${prefix}/com'
sysconfdir='${prefix}/etc'
target_alias=''

## ----------- ##
## confdefs.h. ##
## ----------- ##

/* confdefs.h */
#define PACKAGE_NAME "Check"
#define PACKAGE_TARNAME "check"
#define PACKAGE_VERSION "0.11.0"
#define PACKAGE_STRING "Check 0.11.0"
#define PACKAGE_BUGREPORT "check-devel at lists dot sourceforge dot net"
#define PACKAGE_URL ""
#define PACKAGE "check"
#define VERSION "0.11.0"
#define STDC_HEADERS 1
#define HAVE_SYS_TYPES_H 1
#define HAVE_SYS_STAT_H 1
#define HAVE_STDLIB_H 1
#define HAVE_STRING_H 1
#define HAVE_MEMORY_H 1
#define HAVE_STRINGS_H 1
#define HAVE_INTTYPES_H 1
#define HAVE_STDINT_H 1
#define HAVE_UNISTD_H 1
#define __EXTENSIONS__ 1
#define _ALL_SOURCE 1
#define _GNU_SOURCE 1
#define _POSIX_PTHREAD_SEMANTICS 1
#define _TANDEM_SOURCE 1
#define HAVE_DLFCN_H 1
#define LT_OBJDIR ".libs/"
#define HAVE_PTHREAD 1
#define HAVE_LIBM 1
#define HAVE_LIBRT 1
#define HAVE_STRUCT_TIMESPEC_TV_SEC 1
#define HAVE_STRUCT_TIMESPEC_TV_NSEC 1
#define HAVE_STRUCT_ITIMERSPEC_IT_INTERVAL 1
#define HAVE_STRUCT_ITIMERSPEC_IT_VALUE 1
#define STDC_HEADERS 1
#define HAVE_SYS_WAIT_H 1
#define HAVE_FCNTL_H 1
#define HAVE_STDDEF_H 1
#define HAVE_STDLIB_H 1
#define HAVE_STRING_H 1
#define HAVE_SYS_TIME_H 1
#define HAVE_UNISTD_H 1
#define ENABLE_SUBUNIT 0
#define HAVE_REGEX_H 1
#define HAVE_REGCOMP 1
#define HAVE_REGEXEC 1
#define HAVE_REGEX 1
#define ENABLE_REGEX 1
#define HAVE_UNSIGNED_LONG_LONG_INT 1
#define HAVE_LONG_LONG_INT 1
#define HAVE_INTMAX_T 1
#define HAVE_UINTMAX_T 1
#define TIME_WITH_SYS_TIME 1
#define SIZEOF_INT 4
#define SIZEOF_SHORT 2
#define SIZEOF_LONG 8
#define HAVE_STDLIB_H 1
#define HAVE_MALLOC 1
#define HAVE_STDLIB_H 1
#define HAVE_REALLOC 1
#define HAVE_TIME_H 1
#define HAVE_STDARG_H 1
#define HAVE_ALARM 1
#define HAVE_CLOCK_GETTIME 1
#define HAVE_GETLINE 1
#define HAVE_GETTIMEOFDAY 1
#define HAVE_LOCALTIME_R 1
#define HAVE_STRDUP 1
#define HAVE_STRSIGNAL 1
#define HAVE_DECL_ALARM 1
#define HAVE_DECL_CLOCK_GETTIME 0
#define HAVE_DECL_GETLINE 1
#define HAVE_DECL_GETTIMEOFDAY 0
#define HAVE_DECL_LOCALTIME_R 0
#define HAVE_DECL_STRDUP 1
#define HAVE_DECL_STRSIGNAL 1
#define HAVE_DECL_SETENV 1
#define HAVE_SETITIMER 1
#define HAVE_FORK 1
#define HAVE_SIGACTION 1
#define HAVE_MKSTEMP 1
#define HAVE_VSNPRINTF 1
#define HAVE_SNPRINTF 1

configure: exit 0
